
bb_init()
    conn:
    proto_major = 7
    proto_minor = 23
    async_read = 1
    max_write = 131072
    max_readahead = 131072
    capable = 00000ffb
    want = 00000010
    max_background = 0
    congestion_threshold = 0
    context:
    fuse = 00865530
    uid = 0
    gid = 0
    pid = 0
    private_data = 00864010
    logfile = 00865040
    rootdir = /home/ransha/safe/os/ex4/fuse-tutorial/example/rootdir
    umask = 00000

bb_getattr(path="/.Trash", statbuf=0x17af0c20)
    bb_fullpath:  rootdir = "/home/ransha/safe/os/ex4/fuse-tutorial/example/rootdir", path = "/.Trash", fpath = "/home/ransha/safe/os/ex4/fuse-tutorial/example/rootdir/.Trash"
    lstat returned -1
    ERROR lstat: No such file or directory
    si:
    st_dev = 0
    st_ino = 0
    st_mode = 00
    st_nlink = 0
    st_uid = 0
    st_gid = 0
    st_rdev = 0
    st_size = 0
    st_blksize = 0
    st_blocks = 0
    st_atime = 0x00000000
    st_mtime = 0x00000000
    st_ctime = 0x00000000

bb_getattr(path="/.Trash-1000", statbuf=0x17af0c20)
    bb_fullpath:  rootdir = "/home/ransha/safe/os/ex4/fuse-tutorial/example/rootdir", path = "/.Trash-1000", fpath = "/home/ransha/safe/os/ex4/fuse-tutorial/example/rootdir/.Trash-1000"
    lstat returned -1
    ERROR lstat: No such file or directory
    si:
    st_dev = 0
    st_ino = 0
    st_mode = 00
    st_nlink = 0
    st_uid = 0
    st_gid = 0
    st_rdev = 0
    st_size = 0
    st_blksize = 0
    st_blocks = 0
    st_atime = 0x00000000
    st_mtime = 0x00000000
    st_ctime = 0x00000000

bb_opendir(path="/", fi=0x17af0c50)
    bb_fullpath:  rootdir = "/home/ransha/safe/os/ex4/fuse-tutorial/example/rootdir", path = "/", fpath = "/home/ransha/safe/os/ex4/fuse-tutorial/example/rootdir/"
    opendir returned 0x0x7f5a08000b20
    fi:
    flags = 0x00018800
    fh_old = 0x00000000
    writepage = 0
    direct_io = 0
    keep_cache = 0
    fh = 0x00007f5a08000b20
    lock_owner = 0x0000000000000000

bb_getattr(path="/.xdg-volume-info", statbuf=0x17af0c20)
    bb_fullpath:  rootdir = "/home/ransha/safe/os/ex4/fuse-tutorial/example/rootdir", path = "/.xdg-volume-info", fpath = "/home/ransha/safe/os/ex4/fuse-tutorial/example/rootdir/.xdg-volume-info"
    lstat returned -1
    ERROR lstat: No such file or directory
    si:
    st_dev = 0
    st_ino = 0
    st_mode = 00
    st_nlink = 0
    st_uid = 0
    st_gid = 0
    st_rdev = 0
    st_size = 0
    st_blksize = 0
    st_blocks = 0
    st_atime = 0x00000000
    st_mtime = 0x00000000
    st_ctime = 0x00000000

bb_readdir(path="/", buf=0x08000990, filler=0x18ae2220, offset=0, fi=0x182f1c50)
    readdir returned 0x0x7f5a08000b50
calling filler with name ..
calling filler with name bogus.txt
calling filler with name .
    fi:
    flags = 0x00000000
    fh_old = 0x7f5a08000b20
    writepage = 0
    direct_io = 0
    keep_cache = 0
    fh = 0x00007f5a08000b20
    lock_owner = 0x0000000000000000

bb_getattr(path="/autorun.inf", statbuf=0x182f1c20)
    bb_fullpath:  rootdir = "/home/ransha/safe/os/ex4/fuse-tutorial/example/rootdir", path = "/autorun.inf", fpath = "/home/ransha/safe/os/ex4/fuse-tutorial/example/rootdir/autorun.inf"
    lstat returned -1
    ERROR lstat: No such file or directory
    si:
    st_dev = 0
    st_ino = 0
    st_mode = 00
    st_nlink = 0
    st_uid = 0
    st_gid = 0
    st_rdev = 0
    st_size = 0
    st_blksize = 0
    st_blocks = 0
    st_atime = 0x00000000
    st_mtime = 0x00000000
    st_ctime = 0x00000000

bb_getattr(path="/bogus.txt", statbuf=0x17af0c20)
    bb_fullpath:  rootdir = "/home/ransha/safe/os/ex4/fuse-tutorial/example/rootdir", path = "/bogus.txt", fpath = "/home/ransha/safe/os/ex4/fuse-tutorial/example/rootdir/bogus.txt"
    lstat returned 0
    si:
    st_dev = 2053
    st_ino = 2625418
    st_mode = 0100644
    st_nlink = 1
    st_uid = 1000
    st_gid = 1000
    st_rdev = 0
    st_size = 11
    st_blksize = 4096
    st_blocks = 8
    st_atime = 0x5746f9db
    st_mtime = 0x5746f8e8
    st_ctime = 0x5746f8e8

bb_releasedir(path="/", fi=0x17af0c60)
    fi:
    flags = 0x00000000
    fh_old = 0x7f5a08000b20
    writepage = 0
    direct_io = 0
    keep_cache = 0
    fh = 0x00007f5a08000b20
    lock_owner = 0x0000000000000000

bb_opendir(path="/", fi=0x182f1c50)
    bb_fullpath:  rootdir = "/home/ransha/safe/os/ex4/fuse-tutorial/example/rootdir", path = "/", fpath = "/home/ransha/safe/os/ex4/fuse-tutorial/example/rootdir/"
    opendir returned 0x0x7f5a10001130
    fi:
    flags = 0x00018800
    fh_old = 0x00000000
    writepage = 0
    direct_io = 0
    keep_cache = 0
    fh = 0x00007f5a10001130
    lock_owner = 0x0000000000000000

bb_readdir(path="/", buf=0x10000b80, filler=0x18ae2220, offset=0, fi=0x182f1c50)
    readdir returned 0x0x7f5a10001160
calling filler with name ..
calling filler with name bogus.txt
calling filler with name .
    fi:
    flags = 0x00000000
    fh_old = 0x7f5a10001130
    writepage = 0
    direct_io = 0
    keep_cache = 0
    fh = 0x00007f5a10001130
    lock_owner = 0x0000000000000000

bb_releasedir(path="/", fi=0x17af0c60)
    fi:
    flags = 0x00000000
    fh_old = 0x7f5a10001130
    writepage = 0
    direct_io = 0
    keep_cache = 0
    fh = 0x00007f5a10001130
    lock_owner = 0x0000000000000000

bb_opendir(path="/", fi=0x17af0c50)
    bb_fullpath:  rootdir = "/home/ransha/safe/os/ex4/fuse-tutorial/example/rootdir", path = "/", fpath = "/home/ransha/safe/os/ex4/fuse-tutorial/example/rootdir/"
    opendir returned 0x0x7f5a08000b20
    fi:
    flags = 0x00018800
    fh_old = 0x00000000
    writepage = 0
    direct_io = 0
    keep_cache = 0
    fh = 0x00007f5a08000b20
    lock_owner = 0x0000000000000000

bb_readdir(path="/", buf=0x08000990, filler=0x18ae2220, offset=0, fi=0x182f1c50)
    readdir returned 0x0x7f5a08000b50
calling filler with name ..
calling filler with name bogus.txt
calling filler with name .
    fi:
    flags = 0x00000000
    fh_old = 0x7f5a08000b20
    writepage = 0
    direct_io = 0
    keep_cache = 0
    fh = 0x00007f5a08000b20
    lock_owner = 0x0000000000000000

bb_releasedir(path="/", fi=0x182f1c60)
    fi:
    flags = 0x00000000
    fh_old = 0x7f5a08000b20
    writepage = 0
    direct_io = 0
    keep_cache = 0
    fh = 0x00007f5a08000b20
    lock_owner = 0x0000000000000000

bb_opendir(path="/", fi=0x182f1c50)
    bb_fullpath:  rootdir = "/home/ransha/safe/os/ex4/fuse-tutorial/example/rootdir", path = "/", fpath = "/home/ransha/safe/os/ex4/fuse-tutorial/example/rootdir/"
    opendir returned 0x0x7f5a10001130
    fi:
    flags = 0x00018800
    fh_old = 0x00000000
    writepage = 0
    direct_io = 0
    keep_cache = 0
    fh = 0x00007f5a10001130
    lock_owner = 0x0000000000000000

bb_readdir(path="/", buf=0x10000b80, filler=0x18ae2220, offset=0, fi=0x172efc50)
    readdir returned 0x0x7f5a10001160
calling filler with name ..
calling filler with name bogus.txt
calling filler with name .
    fi:
    flags = 0x00000000
    fh_old = 0x7f5a10001130
    writepage = 0
    direct_io = 0
    keep_cache = 0
    fh = 0x00007f5a10001130
    lock_owner = 0x0000000000000000

bb_releasedir(path="/", fi=0x17af0c60)
    fi:
    flags = 0x00000000
    fh_old = 0x7f5a10001130
    writepage = 0
    direct_io = 0
    keep_cache = 0
    fh = 0x00007f5a10001130
    lock_owner = 0x0000000000000000

bb_opendir(path="/", fi=0x17af0c50)
    bb_fullpath:  rootdir = "/home/ransha/safe/os/ex4/fuse-tutorial/example/rootdir", path = "/", fpath = "/home/ransha/safe/os/ex4/fuse-tutorial/example/rootdir/"
    opendir returned 0x0x7f5a08000b20
    fi:
    flags = 0x00018800
    fh_old = 0x00000000
    writepage = 0
    direct_io = 0
    keep_cache = 0
    fh = 0x00007f5a08000b20
    lock_owner = 0x0000000000000000

bb_readdir(path="/", buf=0x08000990, filler=0x18ae2220, offset=0, fi=0x172efc50)
    readdir returned 0x0x7f5a08000b50
calling filler with name ..
calling filler with name bogus.txt
calling filler with name .
    fi:
    flags = 0x00000000
    fh_old = 0x7f5a08000b20
    writepage = 0
    direct_io = 0
    keep_cache = 0
    fh = 0x00007f5a08000b20
    lock_owner = 0x0000000000000000

bb_releasedir(path="/", fi=0x182f1c60)
    fi:
    flags = 0x00000000
    fh_old = 0x7f5a08000b20
    writepage = 0
    direct_io = 0
    keep_cache = 0
    fh = 0x00007f5a08000b20
    lock_owner = 0x0000000000000000

bb_opendir(path="/", fi=0x182f1c50)
    bb_fullpath:  rootdir = "/home/ransha/safe/os/ex4/fuse-tutorial/example/rootdir", path = "/", fpath = "/home/ransha/safe/os/ex4/fuse-tutorial/example/rootdir/"
    opendir returned 0x0x7f5a10001130
    fi:
    flags = 0x00018800
    fh_old = 0x00000000
    writepage = 0
    direct_io = 0
    keep_cache = 0
    fh = 0x00007f5a10001130
    lock_owner = 0x0000000000000000

bb_readdir(path="/", buf=0x10000b80, filler=0x18ae2220, offset=0, fi=0x172efc50)
    readdir returned 0x0x7f5a10001160
calling filler with name ..
calling filler with name bogus.txt
calling filler with name .
    fi:
    flags = 0x00000000
    fh_old = 0x7f5a10001130
    writepage = 0
    direct_io = 0
    keep_cache = 0
    fh = 0x00007f5a10001130
    lock_owner = 0x0000000000000000

bb_releasedir(path="/", fi=0x17af0c60)
    fi:
    flags = 0x00000000
    fh_old = 0x7f5a10001130
    writepage = 0
    direct_io = 0
    keep_cache = 0
    fh = 0x00007f5a10001130
    lock_owner = 0x0000000000000000

bb_opendir(path="/", fi=0x17af0c50)
    bb_fullpath:  rootdir = "/home/ransha/safe/os/ex4/fuse-tutorial/example/rootdir", path = "/", fpath = "/home/ransha/safe/os/ex4/fuse-tutorial/example/rootdir/"
    opendir returned 0x0x7f5a08000b20
    fi:
    flags = 0x00018800
    fh_old = 0x00000000
    writepage = 0
    direct_io = 0
    keep_cache = 0
    fh = 0x00007f5a08000b20
    lock_owner = 0x0000000000000000

bb_readdir(path="/", buf=0x08000990, filler=0x18ae2220, offset=0, fi=0x172efc50)
    readdir returned 0x0x7f5a08000b50
calling filler with name ..
calling filler with name bogus.txt
calling filler with name .
    fi:
    flags = 0x00000000
    fh_old = 0x7f5a08000b20
    writepage = 0
    direct_io = 0
    keep_cache = 0
    fh = 0x00007f5a08000b20
    lock_owner = 0x0000000000000000

bb_releasedir(path="/", fi=0x182f1c60)
    fi:
    flags = 0x00000000
    fh_old = 0x7f5a08000b20
    writepage = 0
    direct_io = 0
    keep_cache = 0
    fh = 0x00007f5a08000b20
    lock_owner = 0x0000000000000000

bb_opendir(path="/", fi=0x182f1c50)
    bb_fullpath:  rootdir = "/home/ransha/safe/os/ex4/fuse-tutorial/example/rootdir", path = "/", fpath = "/home/ransha/safe/os/ex4/fuse-tutorial/example/rootdir/"
    opendir returned 0x0x7f5a10001130
    fi:
    flags = 0x00018800
    fh_old = 0x00000000
    writepage = 0
    direct_io = 0
    keep_cache = 0
    fh = 0x00007f5a10001130
    lock_owner = 0x0000000000000000

bb_readdir(path="/", buf=0x10000b80, filler=0x18ae2220, offset=0, fi=0x172efc50)
    readdir returned 0x0x7f5a10001160
calling filler with name ..
calling filler with name bogus.txt
calling filler with name .
    fi:
    flags = 0x00000000
    fh_old = 0x7f5a10001130
    writepage = 0
    direct_io = 0
    keep_cache = 0
    fh = 0x00007f5a10001130
    lock_owner = 0x0000000000000000

bb_releasedir(path="/", fi=0x17af0c60)
    fi:
    flags = 0x00000000
    fh_old = 0x7f5a10001130
    writepage = 0
    direct_io = 0
    keep_cache = 0
    fh = 0x00007f5a10001130
    lock_owner = 0x0000000000000000

bb_opendir(path="/", fi=0x17af0c50)
    bb_fullpath:  rootdir = "/home/ransha/safe/os/ex4/fuse-tutorial/example/rootdir", path = "/", fpath = "/home/ransha/safe/os/ex4/fuse-tutorial/example/rootdir/"
    opendir returned 0x0x7f5a08000b20
    fi:
    flags = 0x00018800
    fh_old = 0x00000000
    writepage = 0
    direct_io = 0
    keep_cache = 0
    fh = 0x00007f5a08000b20
    lock_owner = 0x0000000000000000

bb_readdir(path="/", buf=0x08000990, filler=0x18ae2220, offset=0, fi=0x172efc50)
    readdir returned 0x0x7f5a08000b50
calling filler with name ..
calling filler with name bogus.txt
calling filler with name .
    fi:
    flags = 0x00000000
    fh_old = 0x7f5a08000b20
    writepage = 0
    direct_io = 0
    keep_cache = 0
    fh = 0x00007f5a08000b20
    lock_owner = 0x0000000000000000

bb_releasedir(path="/", fi=0x182f1c60)
    fi:
    flags = 0x00000000
    fh_old = 0x7f5a08000b20
    writepage = 0
    direct_io = 0
    keep_cache = 0
    fh = 0x00007f5a08000b20
    lock_owner = 0x0000000000000000

bb_opendir(path="/", fi=0x182f1c50)
    bb_fullpath:  rootdir = "/home/ransha/safe/os/ex4/fuse-tutorial/example/rootdir", path = "/", fpath = "/home/ransha/safe/os/ex4/fuse-tutorial/example/rootdir/"
    opendir returned 0x0x7f5a10001130
    fi:
    flags = 0x00018800
    fh_old = 0x00000000
    writepage = 0
    direct_io = 0
    keep_cache = 0
    fh = 0x00007f5a10001130
    lock_owner = 0x0000000000000000

bb_readdir(path="/", buf=0x10000b80, filler=0x18ae2220, offset=0, fi=0x172efc50)
    readdir returned 0x0x7f5a10001160
calling filler with name ..
calling filler with name bogus.txt
calling filler with name .
    fi:
    flags = 0x00000000
    fh_old = 0x7f5a10001130
    writepage = 0
    direct_io = 0
    keep_cache = 0
    fh = 0x00007f5a10001130
    lock_owner = 0x0000000000000000

bb_releasedir(path="/", fi=0x17af0c60)
    fi:
    flags = 0x00000000
    fh_old = 0x7f5a10001130
    writepage = 0
    direct_io = 0
    keep_cache = 0
    fh = 0x00007f5a10001130
    lock_owner = 0x0000000000000000

bb_opendir(path="/", fi=0x17af0c50)
    bb_fullpath:  rootdir = "/home/ransha/safe/os/ex4/fuse-tutorial/example/rootdir", path = "/", fpath = "/home/ransha/safe/os/ex4/fuse-tutorial/example/rootdir/"
    opendir returned 0x0x7f5a08000b20
    fi:
    flags = 0x00018800
    fh_old = 0x00000000
    writepage = 0
    direct_io = 0
    keep_cache = 0
    fh = 0x00007f5a08000b20
    lock_owner = 0x0000000000000000

bb_readdir(path="/", buf=0x08000990, filler=0x18ae2220, offset=0, fi=0x172efc50)
    readdir returned 0x0x7f5a08000b50
calling filler with name ..
calling filler with name bogus.txt
calling filler with name .
    fi:
    flags = 0x00000000
    fh_old = 0x7f5a08000b20
    writepage = 0
    direct_io = 0
    keep_cache = 0
    fh = 0x00007f5a08000b20
    lock_owner = 0x0000000000000000

bb_releasedir(path="/", fi=0x182f1c60)
    fi:
    flags = 0x00000000
    fh_old = 0x7f5a08000b20
    writepage = 0
    direct_io = 0
    keep_cache = 0
    fh = 0x00007f5a08000b20
    lock_owner = 0x0000000000000000

bb_opendir(path="/", fi=0x182f1c50)
    bb_fullpath:  rootdir = "/home/ransha/safe/os/ex4/fuse-tutorial/example/rootdir", path = "/", fpath = "/home/ransha/safe/os/ex4/fuse-tutorial/example/rootdir/"
    opendir returned 0x0x7f5a10001130
    fi:
    flags = 0x00018800
    fh_old = 0x00000000
    writepage = 0
    direct_io = 0
    keep_cache = 0
    fh = 0x00007f5a10001130
    lock_owner = 0x0000000000000000

bb_readdir(path="/", buf=0x10000b80, filler=0x18ae2220, offset=0, fi=0x172efc50)
    readdir returned 0x0x7f5a10001160
calling filler with name ..
calling filler with name bogus.txt
calling filler with name .
    fi:
    flags = 0x00000000
    fh_old = 0x7f5a10001130
    writepage = 0
    direct_io = 0
    keep_cache = 0
    fh = 0x00007f5a10001130
    lock_owner = 0x0000000000000000

bb_releasedir(path="/", fi=0x17af0c60)
    fi:
    flags = 0x00000000
    fh_old = 0x7f5a10001130
    writepage = 0
    direct_io = 0
    keep_cache = 0
    fh = 0x00007f5a10001130
    lock_owner = 0x0000000000000000

bb_opendir(path="/", fi=0x17af0c50)
    bb_fullpath:  rootdir = "/home/ransha/safe/os/ex4/fuse-tutorial/example/rootdir", path = "/", fpath = "/home/ransha/safe/os/ex4/fuse-tutorial/example/rootdir/"
    opendir returned 0x0x7f5a08000b20
    fi:
    flags = 0x00018800
    fh_old = 0x00000000
    writepage = 0
    direct_io = 0
    keep_cache = 0
    fh = 0x00007f5a08000b20
    lock_owner = 0x0000000000000000

bb_readdir(path="/", buf=0x08000990, filler=0x18ae2220, offset=0, fi=0x172efc50)
    readdir returned 0x0x7f5a08000b50
calling filler with name ..
calling filler with name bogus.txt
calling filler with name .
    fi:
    flags = 0x00000000
    fh_old = 0x7f5a08000b20
    writepage = 0
    direct_io = 0
    keep_cache = 0
    fh = 0x00007f5a08000b20
    lock_owner = 0x0000000000000000

bb_releasedir(path="/", fi=0x182f1c60)
    fi:
    flags = 0x00000000
    fh_old = 0x7f5a08000b20
    writepage = 0
    direct_io = 0
    keep_cache = 0
    fh = 0x00007f5a08000b20
    lock_owner = 0x0000000000000000

bb_opendir(path="/", fi=0x182f1c50)
    bb_fullpath:  rootdir = "/home/ransha/safe/os/ex4/fuse-tutorial/example/rootdir", path = "/", fpath = "/home/ransha/safe/os/ex4/fuse-tutorial/example/rootdir/"
    opendir returned 0x0x7f5a10001130
    fi:
    flags = 0x00018800
    fh_old = 0x00000000
    writepage = 0
    direct_io = 0
    keep_cache = 0
    fh = 0x00007f5a10001130
    lock_owner = 0x0000000000000000

bb_readdir(path="/", buf=0x10000b80, filler=0x18ae2220, offset=0, fi=0x172efc50)
    readdir returned 0x0x7f5a10001160
calling filler with name ..
calling filler with name bogus.txt
calling filler with name .
    fi:
    flags = 0x00000000
    fh_old = 0x7f5a10001130
    writepage = 0
    direct_io = 0
    keep_cache = 0
    fh = 0x00007f5a10001130
    lock_owner = 0x0000000000000000

bb_releasedir(path="/", fi=0x17af0c60)
    fi:
    flags = 0x00000000
    fh_old = 0x7f5a10001130
    writepage = 0
    direct_io = 0
    keep_cache = 0
    fh = 0x00007f5a10001130
    lock_owner = 0x0000000000000000

bb_opendir(path="/", fi=0x17af0c50)
    bb_fullpath:  rootdir = "/home/ransha/safe/os/ex4/fuse-tutorial/example/rootdir", path = "/", fpath = "/home/ransha/safe/os/ex4/fuse-tutorial/example/rootdir/"
    opendir returned 0x0x7f5a08000b20
    fi:
    flags = 0x00018800
    fh_old = 0x00000000
    writepage = 0
    direct_io = 0
    keep_cache = 0
    fh = 0x00007f5a08000b20
    lock_owner = 0x0000000000000000

bb_readdir(path="/", buf=0x08000990, filler=0x18ae2220, offset=0, fi=0x172efc50)
    readdir returned 0x0x7f5a08000b50
calling filler with name ..
calling filler with name bogus.txt
calling filler with name .
    fi:
    flags = 0x00000000
    fh_old = 0x7f5a08000b20
    writepage = 0
    direct_io = 0
    keep_cache = 0
    fh = 0x00007f5a08000b20
    lock_owner = 0x0000000000000000

bb_releasedir(path="/", fi=0x182f1c60)
    fi:
    flags = 0x00000000
    fh_old = 0x7f5a08000b20
    writepage = 0
    direct_io = 0
    keep_cache = 0
    fh = 0x00007f5a08000b20
    lock_owner = 0x0000000000000000

bb_opendir(path="/", fi=0x182f1c50)
    bb_fullpath:  rootdir = "/home/ransha/safe/os/ex4/fuse-tutorial/example/rootdir", path = "/", fpath = "/home/ransha/safe/os/ex4/fuse-tutorial/example/rootdir/"
    opendir returned 0x0x7f5a10001130
    fi:
    flags = 0x00018800
    fh_old = 0x00000000
    writepage = 0
    direct_io = 0
    keep_cache = 0
    fh = 0x00007f5a10001130
    lock_owner = 0x0000000000000000

bb_readdir(path="/", buf=0x10000b80, filler=0x18ae2220, offset=0, fi=0x172efc50)
    readdir returned 0x0x7f5a10001160
calling filler with name ..
calling filler with name bogus.txt
calling filler with name .
    fi:
    flags = 0x00000000
    fh_old = 0x7f5a10001130
    writepage = 0
    direct_io = 0
    keep_cache = 0
    fh = 0x00007f5a10001130
    lock_owner = 0x0000000000000000

bb_releasedir(path="/", fi=0x17af0c60)
    fi:
    flags = 0x00000000
    fh_old = 0x7f5a10001130
    writepage = 0
    direct_io = 0
    keep_cache = 0
    fh = 0x00007f5a10001130
    lock_owner = 0x0000000000000000

bb_opendir(path="/", fi=0x17af0c50)
    bb_fullpath:  rootdir = "/home/ransha/safe/os/ex4/fuse-tutorial/example/rootdir", path = "/", fpath = "/home/ransha/safe/os/ex4/fuse-tutorial/example/rootdir/"
    opendir returned 0x0x7f5a08000b20
    fi:
    flags = 0x00018800
    fh_old = 0x00000000
    writepage = 0
    direct_io = 0
    keep_cache = 0
    fh = 0x00007f5a08000b20
    lock_owner = 0x0000000000000000

bb_readdir(path="/", buf=0x08000990, filler=0x18ae2220, offset=0, fi=0x172efc50)
    readdir returned 0x0x7f5a08000b50
calling filler with name ..
calling filler with name bogus.txt
calling filler with name .
    fi:
    flags = 0x00000000
    fh_old = 0x7f5a08000b20
    writepage = 0
    direct_io = 0
    keep_cache = 0
    fh = 0x00007f5a08000b20
    lock_owner = 0x0000000000000000

bb_opendir(path="/", fi=0x182f1c50)
    bb_fullpath:  rootdir = "/home/ransha/safe/os/ex4/fuse-tutorial/example/rootdir", path = "/", fpath = "/home/ransha/safe/os/ex4/fuse-tutorial/example/rootdir/"
    opendir returned 0x0x7f5a10001130
    fi:
    flags = 0x00018800
    fh_old = 0x00000000
    writepage = 0
    direct_io = 0
    keep_cache = 0
    fh = 0x00007f5a10001130
    lock_owner = 0x0000000000000000

bb_releasedir(path="/", fi=0x172efc60)
    fi:
    flags = 0x00000000
    fh_old = 0x7f5a08000b20
    writepage = 0
    direct_io = 0
    keep_cache = 0
    fh = 0x00007f5a08000b20
    lock_owner = 0x0000000000000000

bb_readdir(path="/", buf=0x10000b80, filler=0x18ae2220, offset=0, fi=0x17af0c50)
    readdir returned 0x0x7f5a10001160
calling filler with name ..
calling filler with name bogus.txt
calling filler with name .
    fi:
    flags = 0x00000000
    fh_old = 0x7f5a10001130
    writepage = 0
    direct_io = 0
    keep_cache = 0
    fh = 0x00007f5a10001130
    lock_owner = 0x0000000000000000

bb_releasedir(path="/", fi=0x17af0c60)
    fi:
    flags = 0x00000000
    fh_old = 0x7f5a10001130
    writepage = 0
    direct_io = 0
    keep_cache = 0
    fh = 0x00007f5a10001130
    lock_owner = 0x0000000000000000

bb_opendir(path="/", fi=0x17af0c50)
    bb_fullpath:  rootdir = "/home/ransha/safe/os/ex4/fuse-tutorial/example/rootdir", path = "/", fpath = "/home/ransha/safe/os/ex4/fuse-tutorial/example/rootdir/"
    opendir returned 0x0x7f5a08000b20
    fi:
    flags = 0x00018800
    fh_old = 0x00000000
    writepage = 0
    direct_io = 0
    keep_cache = 0
    fh = 0x00007f5a08000b20
    lock_owner = 0x0000000000000000

bb_readdir(path="/", buf=0x08000990, filler=0x18ae2220, offset=0, fi=0x182f1c50)
    readdir returned 0x0x7f5a08000b50
calling filler with name ..
calling filler with name bogus.txt
calling filler with name .
    fi:
    flags = 0x00000000
    fh_old = 0x7f5a08000b20
    writepage = 0
    direct_io = 0
    keep_cache = 0
    fh = 0x00007f5a08000b20
    lock_owner = 0x0000000000000000

bb_releasedir(path="/", fi=0x182f1c60)
    fi:
    flags = 0x00000000
    fh_old = 0x7f5a08000b20
    writepage = 0
    direct_io = 0
    keep_cache = 0
    fh = 0x00007f5a08000b20
    lock_owner = 0x0000000000000000

bb_opendir(path="/", fi=0x182f1c50)
    bb_fullpath:  rootdir = "/home/ransha/safe/os/ex4/fuse-tutorial/example/rootdir", path = "/", fpath = "/home/ransha/safe/os/ex4/fuse-tutorial/example/rootdir/"
    opendir returned 0x0x7f5a10001130
    fi:
    flags = 0x00018800
    fh_old = 0x00000000
    writepage = 0
    direct_io = 0
    keep_cache = 0
    fh = 0x00007f5a10001130
    lock_owner = 0x0000000000000000

bb_readdir(path="/", buf=0x10000b80, filler=0x18ae2220, offset=0, fi=0x172efc50)
    readdir returned 0x0x7f5a10001160
calling filler with name ..
calling filler with name bogus.txt
calling filler with name .
    fi:
    flags = 0x00000000
    fh_old = 0x7f5a10001130
    writepage = 0
    direct_io = 0
    keep_cache = 0
    fh = 0x00007f5a10001130
    lock_owner = 0x0000000000000000

bb_releasedir(path="/", fi=0x172efc60)
    fi:
    flags = 0x00000000
    fh_old = 0x7f5a10001130
    writepage = 0
    direct_io = 0
    keep_cache = 0
    fh = 0x00007f5a10001130
    lock_owner = 0x0000000000000000

bb_opendir(path="/", fi=0x17af0c50)
    bb_fullpath:  rootdir = "/home/ransha/safe/os/ex4/fuse-tutorial/example/rootdir", path = "/", fpath = "/home/ransha/safe/os/ex4/fuse-tutorial/example/rootdir/"
    opendir returned 0x0x7f5a08000b20
    fi:
    flags = 0x00018800
    fh_old = 0x00000000
    writepage = 0
    direct_io = 0
    keep_cache = 0
    fh = 0x00007f5a08000b20
    lock_owner = 0x0000000000000000

bb_readdir(path="/", buf=0x08000990, filler=0x18ae2220, offset=0, fi=0x182f1c50)
    readdir returned 0x0x7f5a08000b50
calling filler with name ..
calling filler with name bogus.txt
calling filler with name .
    fi:
    flags = 0x00000000
    fh_old = 0x7f5a08000b20
    writepage = 0
    direct_io = 0
    keep_cache = 0
    fh = 0x00007f5a08000b20
    lock_owner = 0x0000000000000000

bb_releasedir(path="/", fi=0x182f1c60)
    fi:
    flags = 0x00000000
    fh_old = 0x7f5a08000b20
    writepage = 0
    direct_io = 0
    keep_cache = 0
    fh = 0x00007f5a08000b20
    lock_owner = 0x0000000000000000

bb_opendir(path="/", fi=0x172efc50)
    bb_fullpath:  rootdir = "/home/ransha/safe/os/ex4/fuse-tutorial/example/rootdir", path = "/", fpath = "/home/ransha/safe/os/ex4/fuse-tutorial/example/rootdir/"
    opendir returned 0x0x7f5a0c000b20
    fi:
    flags = 0x00018800
    fh_old = 0x00000000
    writepage = 0
    direct_io = 0
    keep_cache = 0
    fh = 0x00007f5a0c000b20
    lock_owner = 0x0000000000000000

bb_readdir(path="/", buf=0x0c000990, filler=0x18ae2220, offset=0, fi=0x17af0c50)
    readdir returned 0x0x7f5a0c000b50
calling filler with name ..
calling filler with name bogus.txt
calling filler with name .
    fi:
    flags = 0x00000000
    fh_old = 0x7f5a0c000b20
    writepage = 0
    direct_io = 0
    keep_cache = 0
    fh = 0x00007f5a0c000b20
    lock_owner = 0x0000000000000000

bb_releasedir(path="/", fi=0x17af0c60)
    fi:
    flags = 0x00000000
    fh_old = 0x7f5a0c000b20
    writepage = 0
    direct_io = 0
    keep_cache = 0
    fh = 0x00007f5a0c000b20
    lock_owner = 0x0000000000000000

bb_getattr(path="/autorun.inf", statbuf=0x17af0c20)
    bb_fullpath:  rootdir = "/home/ransha/safe/os/ex4/fuse-tutorial/example/rootdir", path = "/autorun.inf", fpath = "/home/ransha/safe/os/ex4/fuse-tutorial/example/rootdir/autorun.inf"
    lstat returned -1
    ERROR lstat: No such file or directory
    si:
    st_dev = 0
    st_ino = 0
    st_mode = 00
    st_nlink = 0
    st_uid = 0
    st_gid = 0
    st_rdev = 0
    st_size = 0
    st_blksize = 0
    st_blocks = 0
    st_atime = 0x00000000
    st_mtime = 0x00000000
    st_ctime = 0x00000000

bb_getattr(path="/", statbuf=0x182f1bf0)
    bb_fullpath:  rootdir = "/home/ransha/safe/os/ex4/fuse-tutorial/example/rootdir", path = "/", fpath = "/home/ransha/safe/os/ex4/fuse-tutorial/example/rootdir/"
    lstat returned 0
    si:
    st_dev = 2053
    st_ino = 2625417
    st_mode = 040755
    st_nlink = 2
    st_uid = 1000
    st_gid = 1000
    st_rdev = 0
    st_size = 4096
    st_blksize = 4096
    st_blocks = 8
    st_atime = 0x5746f95e
    st_mtime = 0x5746f8e8
    st_ctime = 0x5746f8e8

bb_access(path="/", mask=04)
    bb_fullpath:  rootdir = "/home/ransha/safe/os/ex4/fuse-tutorial/example/rootdir", path = "/", fpath = "/home/ransha/safe/os/ex4/fuse-tutorial/example/rootdir/"

bb_access(path="/", mask=02)
    bb_fullpath:  rootdir = "/home/ransha/safe/os/ex4/fuse-tutorial/example/rootdir", path = "/", fpath = "/home/ransha/safe/os/ex4/fuse-tutorial/example/rootdir/"

bb_access(path="/", mask=01)
    bb_fullpath:  rootdir = "/home/ransha/safe/os/ex4/fuse-tutorial/example/rootdir", path = "/", fpath = "/home/ransha/safe/os/ex4/fuse-tutorial/example/rootdir/"

bb_statfs(path="/", statv=0x172efbe0)
    bb_fullpath:  rootdir = "/home/ransha/safe/os/ex4/fuse-tutorial/example/rootdir", path = "/", fpath = "/home/ransha/safe/os/ex4/fuse-tutorial/example/rootdir/"
    statvfs returned 0
    sv:
    f_bsize = 4096
    f_frsize = 4096
    f_blocks = 16574380
    f_bfree = 12778155
    f_bavail = 11930463
    f_files = 4218880
    f_ffree = 3919044
    f_favail = 3919044
    f_fsid = -6874869989035400177
    f_flag = 0x00001000
    f_namemax = 255

bb_getattr(path="/.hidden", statbuf=0x17af0c20)
    bb_fullpath:  rootdir = "/home/ransha/safe/os/ex4/fuse-tutorial/example/rootdir", path = "/.hidden", fpath = "/home/ransha/safe/os/ex4/fuse-tutorial/example/rootdir/.hidden"
    lstat returned -1
    ERROR lstat: No such file or directory
    si:
    st_dev = 0
    st_ino = 0
    st_mode = 00
    st_nlink = 0
    st_uid = 0
    st_gid = 0
    st_rdev = 0
    st_size = 0
    st_blksize = 0
    st_blocks = 0
    st_atime = 0x00000000
    st_mtime = 0x00000000
    st_ctime = 0x00000000

bb_opendir(path="/", fi=0x182f1c50)
    bb_fullpath:  rootdir = "/home/ransha/safe/os/ex4/fuse-tutorial/example/rootdir", path = "/", fpath = "/home/ransha/safe/os/ex4/fuse-tutorial/example/rootdir/"
    opendir returned 0x0x7f5a10001130
    fi:
    flags = 0x00018800
    fh_old = 0x00000000
    writepage = 0
    direct_io = 0
    keep_cache = 0
    fh = 0x00007f5a10001130
    lock_owner = 0x0000000000000000

bb_access(path="/", mask=02)
    bb_fullpath:  rootdir = "/home/ransha/safe/os/ex4/fuse-tutorial/example/rootdir", path = "/", fpath = "/home/ransha/safe/os/ex4/fuse-tutorial/example/rootdir/"

bb_getattr(path="/.Trash", statbuf=0x17af0c20)
    bb_fullpath:  rootdir = "/home/ransha/safe/os/ex4/fuse-tutorial/example/rootdir", path = "/.Trash", fpath = "/home/ransha/safe/os/ex4/fuse-tutorial/example/rootdir/.Trash"
    lstat returned -1
    ERROR lstat: No such file or directory
    si:
    st_dev = 0
    st_ino = 0
    st_mode = 00
    st_nlink = 0
    st_uid = 0
    st_gid = 0
    st_rdev = 0
    st_size = 0
    st_blksize = 0
    st_blocks = 0
    st_atime = 0x00000000
    st_mtime = 0x00000000
    st_ctime = 0x00000000

bb_getattr(path="/.Trash-1000", statbuf=0x182f1c20)
    bb_fullpath:  rootdir = "/home/ransha/safe/os/ex4/fuse-tutorial/example/rootdir", path = "/.Trash-1000", fpath = "/home/ransha/safe/os/ex4/fuse-tutorial/example/rootdir/.Trash-1000"
    lstat returned -1
    ERROR lstat: No such file or directory
    si:
    st_dev = 0
    st_ino = 0
    st_mode = 00
    st_nlink = 0
    st_uid = 0
    st_gid = 0
    st_rdev = 0
    st_size = 0
    st_blksize = 0
    st_blocks = 0
    st_atime = 0x00000000
    st_mtime = 0x00000000
    st_ctime = 0x00000000

bb_access(path="/", mask=02)
    bb_fullpath:  rootdir = "/home/ransha/safe/os/ex4/fuse-tutorial/example/rootdir", path = "/", fpath = "/home/ransha/safe/os/ex4/fuse-tutorial/example/rootdir/"

bb_readdir(path="/", buf=0x10000b80, filler=0x18ae2220, offset=0, fi=0x17af0c50)
    readdir returned 0x0x7f5a10001160
calling filler with name ..
calling filler with name bogus.txt
calling filler with name .
    fi:
    flags = 0x00000000
    fh_old = 0x7f5a10001130
    writepage = 0
    direct_io = 0
    keep_cache = 0
    fh = 0x00007f5a10001130
    lock_owner = 0x0000000000000000

bb_getattr(path="/bogus.txt", statbuf=0x172efc20)
    bb_fullpath:  rootdir = "/home/ransha/safe/os/ex4/fuse-tutorial/example/rootdir", path = "/bogus.txt", fpath = "/home/ransha/safe/os/ex4/fuse-tutorial/example/rootdir/bogus.txt"
    lstat returned 0
    si:
    st_dev = 2053
    st_ino = 2625418
    st_mode = 0100644
    st_nlink = 1
    st_uid = 1000
    st_gid = 1000
    st_rdev = 0
    st_size = 11
    st_blksize = 4096
    st_blocks = 8
    st_atime = 0x5746f9db
    st_mtime = 0x5746f8e8
    st_ctime = 0x5746f8e8

bb_getattr(path="/.hidden", statbuf=0x17af0c20)
    bb_fullpath:  rootdir = "/home/ransha/safe/os/ex4/fuse-tutorial/example/rootdir", path = "/.hidden", fpath = "/home/ransha/safe/os/ex4/fuse-tutorial/example/rootdir/.hidden"
    lstat returned -1
    ERROR lstat: No such file or directory
    si:
    st_dev = 0
    st_ino = 0
    st_mode = 00
    st_nlink = 0
    st_uid = 0
    st_gid = 0
    st_rdev = 0
    st_size = 0
    st_blksize = 0
    st_blocks = 0
    st_atime = 0x00000000
    st_mtime = 0x00000000
    st_ctime = 0x00000000

bb_access(path="/bogus.txt", mask=04)
    bb_fullpath:  rootdir = "/home/ransha/safe/os/ex4/fuse-tutorial/example/rootdir", path = "/bogus.txt", fpath = "/home/ransha/safe/os/ex4/fuse-tutorial/example/rootdir/bogus.txt"

bb_access(path="/bogus.txt", mask=02)
    bb_fullpath:  rootdir = "/home/ransha/safe/os/ex4/fuse-tutorial/example/rootdir", path = "/bogus.txt", fpath = "/home/ransha/safe/os/ex4/fuse-tutorial/example/rootdir/bogus.txt"

bb_access(path="/bogus.txt", mask=01)
    bb_fullpath:  rootdir = "/home/ransha/safe/os/ex4/fuse-tutorial/example/rootdir", path = "/bogus.txt", fpath = "/home/ransha/safe/os/ex4/fuse-tutorial/example/rootdir/bogus.txt"
    ERROR bb_access access: Permission denied

bb_getattr(path="/", statbuf=0x182f1bf0)
    bb_fullpath:  rootdir = "/home/ransha/safe/os/ex4/fuse-tutorial/example/rootdir", path = "/", fpath = "/home/ransha/safe/os/ex4/fuse-tutorial/example/rootdir/"
    lstat returned 0
    si:
    st_dev = 2053
    st_ino = 2625417
    st_mode = 040755
    st_nlink = 2
    st_uid = 1000
    st_gid = 1000
    st_rdev = 0
    st_size = 4096
    st_blksize = 4096
    st_blocks = 8
    st_atime = 0x5746f95e
    st_mtime = 0x5746f8e8
    st_ctime = 0x5746f8e8

bb_releasedir(path="/", fi=0x17af0c60)
    fi:
    flags = 0x00000000
    fh_old = 0x7f5a10001130
    writepage = 0
    direct_io = 0
    keep_cache = 0
    fh = 0x00007f5a10001130
    lock_owner = 0x0000000000000000

bb_statfs(path="/", statv=0x182f1be0)
    bb_fullpath:  rootdir = "/home/ransha/safe/os/ex4/fuse-tutorial/example/rootdir", path = "/", fpath = "/home/ransha/safe/os/ex4/fuse-tutorial/example/rootdir/"
    statvfs returned 0
    sv:
    f_bsize = 4096
    f_frsize = 4096
    f_blocks = 16574380
    f_bfree = 12778153
    f_bavail = 11930461
    f_files = 4218880
    f_ffree = 3919044
    f_favail = 3919044
    f_fsid = -6874869989035400177
    f_flag = 0x00001000
    f_namemax = 255

bb_getattr(path="/", statbuf=0x172efbf0)
    bb_fullpath:  rootdir = "/home/ransha/safe/os/ex4/fuse-tutorial/example/rootdir", path = "/", fpath = "/home/ransha/safe/os/ex4/fuse-tutorial/example/rootdir/"
    lstat returned 0
    si:
    st_dev = 2053
    st_ino = 2625417
    st_mode = 040755
    st_nlink = 2
    st_uid = 1000
    st_gid = 1000
    st_rdev = 0
    st_size = 4096
    st_blksize = 4096
    st_blocks = 8
    st_atime = 0x5746f95e
    st_mtime = 0x5746f8e8
    st_ctime = 0x5746f8e8

bb_getattr(path="/", statbuf=0x182f1bf0)
    bb_fullpath:  rootdir = "/home/ransha/safe/os/ex4/fuse-tutorial/example/rootdir", path = "/", fpath = "/home/ransha/safe/os/ex4/fuse-tutorial/example/rootdir/"
    lstat returned 0
    si:
    st_dev = 2053
    st_ino = 2625417
    st_mode = 040755
    st_nlink = 2
    st_uid = 1000
    st_gid = 1000
    st_rdev = 0
    st_size = 4096
    st_blksize = 4096
    st_blocks = 8
    st_atime = 0x5746f95e
    st_mtime = 0x5746f8e8
    st_ctime = 0x5746f8e8

bb_access(path="/", mask=01)
    bb_fullpath:  rootdir = "/home/ransha/safe/os/ex4/fuse-tutorial/example/rootdir", path = "/", fpath = "/home/ransha/safe/os/ex4/fuse-tutorial/example/rootdir/"

bb_getattr(path="/.git", statbuf=0x17af0c20)
    bb_fullpath:  rootdir = "/home/ransha/safe/os/ex4/fuse-tutorial/example/rootdir", path = "/.git", fpath = "/home/ransha/safe/os/ex4/fuse-tutorial/example/rootdir/.git"
    lstat returned -1
    ERROR lstat: No such file or directory
    si:
    st_dev = 0
    st_ino = 0
    st_mode = 00
    st_nlink = 0
    st_uid = 0
    st_gid = 0
    st_rdev = 0
    st_size = 0
    st_blksize = 0
    st_blocks = 0
    st_atime = 0x00000000
    st_mtime = 0x00000000
    st_ctime = 0x00000000

bb_getattr(path="/.git", statbuf=0x182f1c20)
    bb_fullpath:  rootdir = "/home/ransha/safe/os/ex4/fuse-tutorial/example/rootdir", path = "/.git", fpath = "/home/ransha/safe/os/ex4/fuse-tutorial/example/rootdir/.git"
    lstat returned -1
    ERROR lstat: No such file or directory
    si:
    st_dev = 0
    st_ino = 0
    st_mode = 00
    st_nlink = 0
    st_uid = 0
    st_gid = 0
    st_rdev = 0
    st_size = 0
    st_blksize = 0
    st_blocks = 0
    st_atime = 0x00000000
    st_mtime = 0x00000000
    st_ctime = 0x00000000

bb_getattr(path="/objects", statbuf=0x172efc20)
    bb_fullpath:  rootdir = "/home/ransha/safe/os/ex4/fuse-tutorial/example/rootdir", path = "/objects", fpath = "/home/ransha/safe/os/ex4/fuse-tutorial/example/rootdir/objects"
    lstat returned -1
    ERROR lstat: No such file or directory
    si:
    st_dev = 0
    st_ino = 0
    st_mode = 00
    st_nlink = 0
    st_uid = 0
    st_gid = 0
    st_rdev = 0
    st_size = 0
    st_blksize = 0
    st_blocks = 0
    st_atime = 0x00000000
    st_mtime = 0x00000000
    st_ctime = 0x00000000

bb_opendir(path="/", fi=0x17af0c50)
    bb_fullpath:  rootdir = "/home/ransha/safe/os/ex4/fuse-tutorial/example/rootdir", path = "/", fpath = "/home/ransha/safe/os/ex4/fuse-tutorial/example/rootdir/"
    opendir returned 0x0x7f5a08000b20
    fi:
    flags = 0x00018800
    fh_old = 0x00000000
    writepage = 0
    direct_io = 0
    keep_cache = 0
    fh = 0x00007f5a08000b20
    lock_owner = 0x0000000000000000

bb_readdir(path="/", buf=0x08000990, filler=0x18ae2220, offset=0, fi=0x182f1c50)
    readdir returned 0x0x7f5a08000b50
calling filler with name ..
calling filler with name bogus.txt
calling filler with name .
    fi:
    flags = 0x00000000
    fh_old = 0x7f5a08000b20
    writepage = 0
    direct_io = 0
    keep_cache = 0
    fh = 0x00007f5a08000b20
    lock_owner = 0x0000000000000000

bb_getattr(path="/bogus.txt", statbuf=0x172efc20)
    bb_fullpath:  rootdir = "/home/ransha/safe/os/ex4/fuse-tutorial/example/rootdir", path = "/bogus.txt", fpath = "/home/ransha/safe/os/ex4/fuse-tutorial/example/rootdir/bogus.txt"
    lstat returned 0
    si:
    st_dev = 2053
    st_ino = 2625418
    st_mode = 0100644
    st_nlink = 1
    st_uid = 1000
    st_gid = 1000
    st_rdev = 0
    st_size = 11
    st_blksize = 4096
    st_blocks = 8
    st_atime = 0x5746f9db
    st_mtime = 0x5746f8e8
    st_ctime = 0x5746f8e8

bb_releasedir(path="/", fi=0x182f1c60)
    fi:
    flags = 0x00000000
    fh_old = 0x7f5a08000b20
    writepage = 0
    direct_io = 0
    keep_cache = 0
    fh = 0x00007f5a08000b20
    lock_owner = 0x0000000000000000

bb_getattr(path="/", statbuf=0x172efbf0)
    bb_fullpath:  rootdir = "/home/ransha/safe/os/ex4/fuse-tutorial/example/rootdir", path = "/", fpath = "/home/ransha/safe/os/ex4/fuse-tutorial/example/rootdir/"
    lstat returned 0
    si:
    st_dev = 2053
    st_ino = 2625417
    st_mode = 040755
    st_nlink = 2
    st_uid = 1000
    st_gid = 1000
    st_rdev = 0
    st_size = 4096
    st_blksize = 4096
    st_blocks = 8
    st_atime = 0x5746f95e
    st_mtime = 0x5746f8e8
    st_ctime = 0x5746f8e8

bb_getattr(path="/.git", statbuf=0x17af0c20)
    bb_fullpath:  rootdir = "/home/ransha/safe/os/ex4/fuse-tutorial/example/rootdir", path = "/.git", fpath = "/home/ransha/safe/os/ex4/fuse-tutorial/example/rootdir/.git"
    lstat returned -1
    ERROR lstat: No such file or directory
    si:
    st_dev = 0
    st_ino = 0
    st_mode = 00
    st_nlink = 0
    st_uid = 0
    st_gid = 0
    st_rdev = 0
    st_size = 0
    st_blksize = 0
    st_blocks = 0
    st_atime = 0x00000000
    st_mtime = 0x00000000
    st_ctime = 0x00000000

bb_getattr(path="/.git", statbuf=0x182f1c20)
    bb_fullpath:  rootdir = "/home/ransha/safe/os/ex4/fuse-tutorial/example/rootdir", path = "/.git", fpath = "/home/ransha/safe/os/ex4/fuse-tutorial/example/rootdir/.git"
    lstat returned -1
    ERROR lstat: No such file or directory
    si:
    st_dev = 0
    st_ino = 0
    st_mode = 00
    st_nlink = 0
    st_uid = 0
    st_gid = 0
    st_rdev = 0
    st_size = 0
    st_blksize = 0
    st_blocks = 0
    st_atime = 0x00000000
    st_mtime = 0x00000000
    st_ctime = 0x00000000

bb_getattr(path="/objects", statbuf=0x172efc20)
    bb_fullpath:  rootdir = "/home/ransha/safe/os/ex4/fuse-tutorial/example/rootdir", path = "/objects", fpath = "/home/ransha/safe/os/ex4/fuse-tutorial/example/rootdir/objects"
    lstat returned -1
    ERROR lstat: No such file or directory
    si:
    st_dev = 0
    st_ino = 0
    st_mode = 00
    st_nlink = 0
    st_uid = 0
    st_gid = 0
    st_rdev = 0
    st_size = 0
    st_blksize = 0
    st_blocks = 0
    st_atime = 0x00000000
    st_mtime = 0x00000000
    st_ctime = 0x00000000

bb_opendir(path="/", fi=0x17af0c50)
    bb_fullpath:  rootdir = "/home/ransha/safe/os/ex4/fuse-tutorial/example/rootdir", path = "/", fpath = "/home/ransha/safe/os/ex4/fuse-tutorial/example/rootdir/"
    opendir returned 0x0x7f5a08000b20
    fi:
    flags = 0x00018800
    fh_old = 0x00000000
    writepage = 0
    direct_io = 0
    keep_cache = 0
    fh = 0x00007f5a08000b20
    lock_owner = 0x0000000000000000

bb_readdir(path="/", buf=0x08000990, filler=0x18ae2220, offset=0, fi=0x182f1c50)
    readdir returned 0x0x7f5a08000b50
calling filler with name ..
calling filler with name bogus.txt
calling filler with name .
    fi:
    flags = 0x00000000
    fh_old = 0x7f5a08000b20
    writepage = 0
    direct_io = 0
    keep_cache = 0
    fh = 0x00007f5a08000b20
    lock_owner = 0x0000000000000000

bb_releasedir(path="/", fi=0x17af0c60)
    fi:
    flags = 0x00000000
    fh_old = 0x7f5a08000b20
    writepage = 0
    direct_io = 0
    keep_cache = 0
    fh = 0x00007f5a08000b20
    lock_owner = 0x0000000000000000

bb_opendir(path="/", fi=0x182f1c50)
    bb_fullpath:  rootdir = "/home/ransha/safe/os/ex4/fuse-tutorial/example/rootdir", path = "/", fpath = "/home/ransha/safe/os/ex4/fuse-tutorial/example/rootdir/"
    opendir returned 0x0x7f5a10001130
    fi:
    flags = 0x00018800
    fh_old = 0x00000000
    writepage = 0
    direct_io = 0
    keep_cache = 0
    fh = 0x00007f5a10001130
    lock_owner = 0x0000000000000000

bb_readdir(path="/", buf=0x10000b80, filler=0x18ae2220, offset=0, fi=0x172efc50)
    readdir returned 0x0x7f5a10001160
calling filler with name ..
calling filler with name bogus.txt
calling filler with name .
    fi:
    flags = 0x00000000
    fh_old = 0x7f5a10001130
    writepage = 0
    direct_io = 0
    keep_cache = 0
    fh = 0x00007f5a10001130
    lock_owner = 0x0000000000000000

bb_releasedir(path="/", fi=0x182f1c60)
    fi:
    flags = 0x00000000
    fh_old = 0x7f5a10001130
    writepage = 0
    direct_io = 0
    keep_cache = 0
    fh = 0x00007f5a10001130
    lock_owner = 0x0000000000000000

bb_opendir(path="/", fi=0x172efc50)
    bb_fullpath:  rootdir = "/home/ransha/safe/os/ex4/fuse-tutorial/example/rootdir", path = "/", fpath = "/home/ransha/safe/os/ex4/fuse-tutorial/example/rootdir/"
    opendir returned 0x0x7f5a0c000b20
    fi:
    flags = 0x00018800
    fh_old = 0x00000000
    writepage = 0
    direct_io = 0
    keep_cache = 0
    fh = 0x00007f5a0c000b20
    lock_owner = 0x0000000000000000

bb_readdir(path="/", buf=0x0c000990, filler=0x18ae2220, offset=0, fi=0x17af0c50)
    readdir returned 0x0x7f5a0c000b50
calling filler with name ..
calling filler with name bogus.txt
calling filler with name .
    fi:
    flags = 0x00000000
    fh_old = 0x7f5a0c000b20
    writepage = 0
    direct_io = 0
    keep_cache = 0
    fh = 0x00007f5a0c000b20
    lock_owner = 0x0000000000000000

bb_releasedir(path="/", fi=0x172efc60)
    fi:
    flags = 0x00000000
    fh_old = 0x7f5a0c000b20

bb_getattr(path="/bogus.txt", statbuf=0x17af0c20)
    bb_fullpath:  rootdir = "/home/ransha/safe/os/ex4/fuse-tutorial/example/rootdir", path = "/bogus.txt", fpath = "/home/ransha/safe/os/ex4/fuse-tutorial/example/rootdir/bogus.txt"
    writepage = 0
    direct_io = 0
    keep_cache = 0
    fh = 0x00007f5a0c000b20
    lock_owner = 0x0000000000000000
    lstat returned 0
    si:
    st_dev = 2053
    st_ino = 2625418
    st_mode = 0100644
    st_nlink = 1
    st_uid = 1000
    st_gid = 1000
    st_rdev = 0
    st_size = 11
    st_blksize = 4096
    st_blocks = 8
    st_atime = 0x5746f9db
    st_mtime = 0x5746f8e8
    st_ctime = 0x5746f8e8

bb_opendir(path="/", fi=0x182f1c50)
    bb_fullpath:  rootdir = "/home/ransha/safe/os/ex4/fuse-tutorial/example/rootdir", path = "/", fpath = "/home/ransha/safe/os/ex4/fuse-tutorial/example/rootdir/"
    opendir returned 0x0x7f5a10001130
    fi:
    flags = 0x00018800
    fh_old = 0x00000000
    writepage = 0
    direct_io = 0
    keep_cache = 0
    fh = 0x00007f5a10001130
    lock_owner = 0x0000000000000000

bb_readdir(path="/", buf=0x10000b80, filler=0x18ae2220, offset=0, fi=0x172efc50)
    readdir returned 0x0x7f5a10001160
calling filler with name ..
calling filler with name bogus.txt
calling filler with name .
    fi:
    flags = 0x00000000
    fh_old = 0x7f5a10001130
    writepage = 0
    direct_io = 0
    keep_cache = 0
    fh = 0x00007f5a10001130
    lock_owner = 0x0000000000000000

bb_releasedir(path="/", fi=0x182f1c60)
    fi:
    flags = 0x00000000
    fh_old = 0x7f5a10001130
    writepage = 0
    direct_io = 0
    keep_cache = 0
    fh = 0x00007f5a10001130
    lock_owner = 0x0000000000000000

bb_getattr(path="/", statbuf=0x172efbf0)
    bb_fullpath:  rootdir = "/home/ransha/safe/os/ex4/fuse-tutorial/example/rootdir", path = "/", fpath = "/home/ransha/safe/os/ex4/fuse-tutorial/example/rootdir/"
    lstat returned 0
    si:
    st_dev = 2053
    st_ino = 2625417
    st_mode = 040755
    st_nlink = 2
    st_uid = 1000
    st_gid = 1000
    st_rdev = 0
    st_size = 4096
    st_blksize = 4096
    st_blocks = 8
    st_atime = 0x5746f95e
    st_mtime = 0x5746f8e8
    st_ctime = 0x5746f8e8

bb_open(path"/bogus.txt", fi=0x17af0d10)
    bb_fullpath:  rootdir = "/home/ransha/safe/os/ex4/fuse-tutorial/example/rootdir", path = "/bogus.txt", fpath = "/home/ransha/safe/os/ex4/fuse-tutorial/example/rootdir/bogus.txt"
    open returned 5
    fi:
    flags = 0x00008000
    fh_old = 0x00000000
    writepage = 0
    direct_io = 0
    keep_cache = 0
    fh = 0x0000000000000005
    lock_owner = 0x0000000000000000

bb_read(path="/bogus.txt", buf=0x10001130, size=4096, offset=0, fi=0x182f1d10)
    fi:
    flags = 0x00008000
    fh_old = 0x00000005
    writepage = 0
    direct_io = 0
    keep_cache = 0
    fh = 0x0000000000000005
    lock_owner = 0x0000000000000000
    pread returned 11

bb_fgetattr(path="/bogus.txt", statbuf=0x172efbf0, fi=0x172efd10)
    fi:
    flags = 0x00000000
    fh_old = 0x00000005
    writepage = 0
    direct_io = 0
    keep_cache = 0
    fh = 0x0000000000000005
    lock_owner = 0x0000000000000000
    si:
    st_dev = 2053
    st_ino = 2625418
    st_mode = 0100644
    st_nlink = 1
    st_uid = 1000
    st_gid = 1000
    st_rdev = 0
    st_size = 11
    st_blksize = 4096
    st_blocks = 8
    st_atime = 0x5746f9db
    st_mtime = 0x5746f8e8
    st_ctime = 0x5746f8e8

bb_flush(path="/bogus.txt", fi=0x17af0d10)
    fi:
    flags = 0x00000000
    fh_old = 0x00000005
    writepage = 0
    direct_io = 0
    keep_cache = 0
    fh = 0x0000000000000005
    lock_owner = 0x0150c9356dc4dccd

bb_release(path="/bogus.txt", fi=0x182f1d10)
    fi:
    flags = 0x00008000
    fh_old = 0x00000005
    writepage = 0
    direct_io = 0
    keep_cache = 0
    fh = 0x0000000000000005
    lock_owner = 0x0000000000000000
    close returned 0

bb_getattr(path="/.git", statbuf=0x172efc20)
    bb_fullpath:  rootdir = "/home/ransha/safe/os/ex4/fuse-tutorial/example/rootdir", path = "/.git", fpath = "/home/ransha/safe/os/ex4/fuse-tutorial/example/rootdir/.git"
    lstat returned -1
    ERROR lstat: No such file or directory
    si:
    st_dev = 0
    st_ino = 0
    st_mode = 00
    st_nlink = 0
    st_uid = 0
    st_gid = 0
    st_rdev = 0
    st_size = 0
    st_blksize = 0
    st_blocks = 0
    st_atime = 0x00000000
    st_mtime = 0x00000000
    st_ctime = 0x00000000

bb_getattr(path="/.git", statbuf=0x17af0c20)
    bb_fullpath:  rootdir = "/home/ransha/safe/os/ex4/fuse-tutorial/example/rootdir", path = "/.git", fpath = "/home/ransha/safe/os/ex4/fuse-tutorial/example/rootdir/.git"
    lstat returned -1
    ERROR lstat: No such file or directory
    si:
    st_dev = 0
    st_ino = 0
    st_mode = 00
    st_nlink = 0
    st_uid = 0
    st_gid = 0
    st_rdev = 0
    st_size = 0
    st_blksize = 0
    st_blocks = 0
    st_atime = 0x00000000
    st_mtime = 0x00000000
    st_ctime = 0x00000000

bb_getattr(path="/objects", statbuf=0x182f1c20)
    bb_fullpath:  rootdir = "/home/ransha/safe/os/ex4/fuse-tutorial/example/rootdir", path = "/objects", fpath = "/home/ransha/safe/os/ex4/fuse-tutorial/example/rootdir/objects"
    lstat returned -1
    ERROR lstat: No such file or directory
    si:
    st_dev = 0
    st_ino = 0
    st_mode = 00
    st_nlink = 0
    st_uid = 0
    st_gid = 0
    st_rdev = 0
    st_size = 0
    st_blksize = 0
    st_blocks = 0
    st_atime = 0x00000000
    st_mtime = 0x00000000
    st_ctime = 0x00000000

bb_getattr(path="/", statbuf=0x172efbf0)
    bb_fullpath:  rootdir = "/home/ransha/safe/os/ex4/fuse-tutorial/example/rootdir", path = "/", fpath = "/home/ransha/safe/os/ex4/fuse-tutorial/example/rootdir/"
    lstat returned 0
    si:
    st_dev = 2053
    st_ino = 2625417
    st_mode = 040755
    st_nlink = 2
    st_uid = 1000
    st_gid = 1000
    st_rdev = 0
    st_size = 4096
    st_blksize = 4096
    st_blocks = 8
    st_atime = 0x5746f95e
    st_mtime = 0x5746f8e8
    st_ctime = 0x5746f8e8

bb_getattr(path="/", statbuf=0x17af0bf0)
    bb_fullpath:  rootdir = "/home/ransha/safe/os/ex4/fuse-tutorial/example/rootdir", path = "/", fpath = "/home/ransha/safe/os/ex4/fuse-tutorial/example/rootdir/"
    lstat returned 0
    si:
    st_dev = 2053
    st_ino = 2625417
    st_mode = 040755
    st_nlink = 2
    st_uid = 1000
    st_gid = 1000
    st_rdev = 0
    st_size = 4096
    st_blksize = 4096
    st_blocks = 8
    st_atime = 0x5746f95e
    st_mtime = 0x5746f8e8
    st_ctime = 0x5746f8e8

bb_getattr(path="/", statbuf=0x182f1bf0)
    bb_fullpath:  rootdir = "/home/ransha/safe/os/ex4/fuse-tutorial/example/rootdir", path = "/", fpath = "/home/ransha/safe/os/ex4/fuse-tutorial/example/rootdir/"
    lstat returned 0
    si:
    st_dev = 2053
    st_ino = 2625417
    st_mode = 040755
    st_nlink = 2
    st_uid = 1000
    st_gid = 1000
    st_rdev = 0
    st_size = 4096
    st_blksize = 4096
    st_blocks = 8
    st_atime = 0x5746f95e
    st_mtime = 0x5746f8e8
    st_ctime = 0x5746f8e8

bb_access(path="/", mask=01)
    bb_fullpath:  rootdir = "/home/ransha/safe/os/ex4/fuse-tutorial/example/rootdir", path = "/", fpath = "/home/ransha/safe/os/ex4/fuse-tutorial/example/rootdir/"

bb_getattr(path="/.git", statbuf=0x17af0c20)
    bb_fullpath:  rootdir = "/home/ransha/safe/os/ex4/fuse-tutorial/example/rootdir", path = "/.git", fpath = "/home/ransha/safe/os/ex4/fuse-tutorial/example/rootdir/.git"
    lstat returned -1
    ERROR lstat: No such file or directory
    si:
    st_dev = 0
    st_ino = 0
    st_mode = 00
    st_nlink = 0
    st_uid = 0
    st_gid = 0
    st_rdev = 0
    st_size = 0
    st_blksize = 0
    st_blocks = 0
    st_atime = 0x00000000
    st_mtime = 0x00000000
    st_ctime = 0x00000000

bb_getattr(path="/.git", statbuf=0x182f1c20)
    bb_fullpath:  rootdir = "/home/ransha/safe/os/ex4/fuse-tutorial/example/rootdir", path = "/.git", fpath = "/home/ransha/safe/os/ex4/fuse-tutorial/example/rootdir/.git"
    lstat returned -1
    ERROR lstat: No such file or directory
    si:
    st_dev = 0
    st_ino = 0
    st_mode = 00
    st_nlink = 0
    st_uid = 0
    st_gid = 0
    st_rdev = 0
    st_size = 0
    st_blksize = 0
    st_blocks = 0
    st_atime = 0x00000000
    st_mtime = 0x00000000
    st_ctime = 0x00000000

bb_getattr(path="/objects", statbuf=0x172efc20)
    bb_fullpath:  rootdir = "/home/ransha/safe/os/ex4/fuse-tutorial/example/rootdir", path = "/objects", fpath = "/home/ransha/safe/os/ex4/fuse-tutorial/example/rootdir/objects"
    lstat returned -1
    ERROR lstat: No such file or directory
    si:
    st_dev = 0
    st_ino = 0
    st_mode = 00
    st_nlink = 0
    st_uid = 0
    st_gid = 0
    st_rdev = 0
    st_size = 0
    st_blksize = 0
    st_blocks = 0
    st_atime = 0x00000000
    st_mtime = 0x00000000
    st_ctime = 0x00000000

bb_opendir(path="/", fi=0x17af0c50)
    bb_fullpath:  rootdir = "/home/ransha/safe/os/ex4/fuse-tutorial/example/rootdir", path = "/", fpath = "/home/ransha/safe/os/ex4/fuse-tutorial/example/rootdir/"
    opendir returned 0x0x7f5a08000b20
    fi:
    flags = 0x00018800
    fh_old = 0x00000000
    writepage = 0
    direct_io = 0
    keep_cache = 0
    fh = 0x00007f5a08000b20
    lock_owner = 0x0000000000000000

bb_readdir(path="/", buf=0x08000990, filler=0x18ae2220, offset=0, fi=0x182f1c50)
    readdir returned 0x0x7f5a08000b50
calling filler with name ..
calling filler with name bogus.txt
calling filler with name .
    fi:
    flags = 0x00000000
    fh_old = 0x7f5a08000b20
    writepage = 0
    direct_io = 0
    keep_cache = 0
    fh = 0x00007f5a08000b20
    lock_owner = 0x0000000000000000

bb_getattr(path="/bogus.txt", statbuf=0x172efc20)
    bb_fullpath:  rootdir = "/home/ransha/safe/os/ex4/fuse-tutorial/example/rootdir", path = "/bogus.txt", fpath = "/home/ransha/safe/os/ex4/fuse-tutorial/example/rootdir/bogus.txt"
    lstat returned 0
    si:
    st_dev = 2053
    st_ino = 2625418
    st_mode = 0100644
    st_nlink = 1
    st_uid = 1000
    st_gid = 1000
    st_rdev = 0
    st_size = 11
    st_blksize = 4096
    st_blocks = 8
    st_atime = 0x5746f9db
    st_mtime = 0x5746f8e8
    st_ctime = 0x5746f8e8

bb_getattr(path="/", statbuf=0x17af0bf0)
    bb_fullpath:  rootdir = "/home/ransha/safe/os/ex4/fuse-tutorial/example/rootdir", path = "/", fpath = "/home/ransha/safe/os/ex4/fuse-tutorial/example/rootdir/"
    lstat returned 0
    si:
    st_dev = 2053
    st_ino = 2625417
    st_mode = 040755
    st_nlink = 2
    st_uid = 1000
    st_gid = 1000
    st_rdev = 0
    st_size = 4096
    st_blksize = 4096
    st_blocks = 8
    st_atime = 0x5746f95e
    st_mtime = 0x5746f8e8
    st_ctime = 0x5746f8e8

bb_releasedir(path="/", fi=0x172efc60)
    fi:
    flags = 0x00000000
    fh_old = 0x7f5a08000b20
    writepage = 0
    direct_io = 0
    keep_cache = 0
    fh = 0x00007f5a08000b20
    lock_owner = 0x0000000000000000

bb_getattr(path="/", statbuf=0x17af0bf0)
    bb_fullpath:  rootdir = "/home/ransha/safe/os/ex4/fuse-tutorial/example/rootdir", path = "/", fpath = "/home/ransha/safe/os/ex4/fuse-tutorial/example/rootdir/"
    lstat returned 0
    si:
    st_dev = 2053
    st_ino = 2625417
    st_mode = 040755
    st_nlink = 2
    st_uid = 1000
    st_gid = 1000
    st_rdev = 0
    st_size = 4096
    st_blksize = 4096
    st_blocks = 8
    st_atime = 0x5746f95e
    st_mtime = 0x5746f8e8
    st_ctime = 0x5746f8e8

bb_getattr(path="/.git", statbuf=0x182f1c20)
    bb_fullpath:  rootdir = "/home/ransha/safe/os/ex4/fuse-tutorial/example/rootdir", path = "/.git", fpath = "/home/ransha/safe/os/ex4/fuse-tutorial/example/rootdir/.git"
    lstat returned -1
    ERROR lstat: No such file or directory
    si:
    st_dev = 0
    st_ino = 0
    st_mode = 00
    st_nlink = 0
    st_uid = 0
    st_gid = 0
    st_rdev = 0
    st_size = 0
    st_blksize = 0
    st_blocks = 0
    st_atime = 0x00000000
    st_mtime = 0x00000000
    st_ctime = 0x00000000

bb_getattr(path="/.git", statbuf=0x172efc20)
    bb_fullpath:  rootdir = "/home/ransha/safe/os/ex4/fuse-tutorial/example/rootdir", path = "/.git", fpath = "/home/ransha/safe/os/ex4/fuse-tutorial/example/rootdir/.git"
    lstat returned -1
    ERROR lstat: No such file or directory
    si:
    st_dev = 0
    st_ino = 0
    st_mode = 00
    st_nlink = 0
    st_uid = 0
    st_gid = 0
    st_rdev = 0
    st_size = 0
    st_blksize = 0
    st_blocks = 0
    st_atime = 0x00000000
    st_mtime = 0x00000000
    st_ctime = 0x00000000

bb_getattr(path="/objects", statbuf=0x17af0c20)
    bb_fullpath:  rootdir = "/home/ransha/safe/os/ex4/fuse-tutorial/example/rootdir", path = "/objects", fpath = "/home/ransha/safe/os/ex4/fuse-tutorial/example/rootdir/objects"
    lstat returned -1
    ERROR lstat: No such file or directory
    si:
    st_dev = 0
    st_ino = 0
    st_mode = 00
    st_nlink = 0
    st_uid = 0
    st_gid = 0
    st_rdev = 0
    st_size = 0
    st_blksize = 0
    st_blocks = 0
    st_atime = 0x00000000
    st_mtime = 0x00000000
    st_ctime = 0x00000000

bb_opendir(path="/", fi=0x182f1c50)
    bb_fullpath:  rootdir = "/home/ransha/safe/os/ex4/fuse-tutorial/example/rootdir", path = "/", fpath = "/home/ransha/safe/os/ex4/fuse-tutorial/example/rootdir/"
    opendir returned 0x0x7f5a10001130
    fi:
    flags = 0x00018800
    fh_old = 0x00000000
    writepage = 0
    direct_io = 0
    keep_cache = 0
    fh = 0x00007f5a10001130
    lock_owner = 0x0000000000000000

bb_readdir(path="/", buf=0x10000b80, filler=0x18ae2220, offset=0, fi=0x172efc50)
    readdir returned 0x0x7f5a10001160
calling filler with name ..
calling filler with name bogus.txt
calling filler with name .
    fi:
    flags = 0x00000000
    fh_old = 0x7f5a10001130
    writepage = 0
    direct_io = 0
    keep_cache = 0
    fh = 0x00007f5a10001130
    lock_owner = 0x0000000000000000

bb_releasedir(path="/", fi=0x182f1c60)
    fi:
    flags = 0x00000000
    fh_old = 0x7f5a10001130
    writepage = 0
    direct_io = 0
    keep_cache = 0
    fh = 0x00007f5a10001130
    lock_owner = 0x0000000000000000

bb_opendir(path="/", fi=0x172efc50)
    bb_fullpath:  rootdir = "/home/ransha/safe/os/ex4/fuse-tutorial/example/rootdir", path = "/", fpath = "/home/ransha/safe/os/ex4/fuse-tutorial/example/rootdir/"
    opendir returned 0x0x7f5a0c000b20
    fi:
    flags = 0x00018800
    fh_old = 0x00000000
    writepage = 0
    direct_io = 0
    keep_cache = 0
    fh = 0x00007f5a0c000b20
    lock_owner = 0x0000000000000000

bb_readdir(path="/", buf=0x0c000990, filler=0x18ae2220, offset=0, fi=0x17af0c50)
    readdir returned 0x0x7f5a0c000b50
calling filler with name ..
calling filler with name bogus.txt
calling filler with name .
    fi:
    flags = 0x00000000
    fh_old = 0x7f5a0c000b20
    writepage = 0
    direct_io = 0
    keep_cache = 0
    fh = 0x00007f5a0c000b20
    lock_owner = 0x0000000000000000

bb_releasedir(path="/", fi=0x172efc60)
    fi:
    flags = 0x00000000
    fh_old = 0x7f5a0c000b20
    writepage = 0
    direct_io = 0
    keep_cache = 0
    fh = 0x00007f5a0c000b20
    lock_owner = 0x0000000000000000

bb_getattr(path="/", statbuf=0x17af0bf0)
    bb_fullpath:  rootdir = "/home/ransha/safe/os/ex4/fuse-tutorial/example/rootdir", path = "/", fpath = "/home/ransha/safe/os/ex4/fuse-tutorial/example/rootdir/"
    lstat returned 0
    si:
    st_dev = 2053
    st_ino = 2625417
    st_mode = 040755
    st_nlink = 2
    st_uid = 1000
    st_gid = 1000
    st_rdev = 0
    st_size = 4096
    st_blksize = 4096
    st_blocks = 8
    st_atime = 0x5746f95e
    st_mtime = 0x5746f8e8
    st_ctime = 0x5746f8e8

bb_getattr(path="/.git", statbuf=0x182f1c20)
    bb_fullpath:  rootdir = "/home/ransha/safe/os/ex4/fuse-tutorial/example/rootdir", path = "/.git", fpath = "/home/ransha/safe/os/ex4/fuse-tutorial/example/rootdir/.git"
    lstat returned -1
    ERROR lstat: No such file or directory
    si:
    st_dev = 0
    st_ino = 0
    st_mode = 00
    st_nlink = 0
    st_uid = 0
    st_gid = 0
    st_rdev = 0
    st_size = 0
    st_blksize = 0
    st_blocks = 0
    st_atime = 0x00000000
    st_mtime = 0x00000000
    st_ctime = 0x00000000

bb_getattr(path="/.git", statbuf=0x172efc20)
    bb_fullpath:  rootdir = "/home/ransha/safe/os/ex4/fuse-tutorial/example/rootdir", path = "/.git", fpath = "/home/ransha/safe/os/ex4/fuse-tutorial/example/rootdir/.git"
    lstat returned -1
    ERROR lstat: No such file or directory
    si:
    st_dev = 0
    st_ino = 0
    st_mode = 00
    st_nlink = 0
    st_uid = 0
    st_gid = 0
    st_rdev = 0
    st_size = 0
    st_blksize = 0
    st_blocks = 0
    st_atime = 0x00000000
    st_mtime = 0x00000000
    st_ctime = 0x00000000

bb_getattr(path="/objects", statbuf=0x17af0c20)
    bb_fullpath:  rootdir = "/home/ransha/safe/os/ex4/fuse-tutorial/example/rootdir", path = "/objects", fpath = "/home/ransha/safe/os/ex4/fuse-tutorial/example/rootdir/objects"
    lstat returned -1
    ERROR lstat: No such file or directory
    si:
    st_dev = 0
    st_ino = 0
    st_mode = 00
    st_nlink = 0
    st_uid = 0
    st_gid = 0
    st_rdev = 0
    st_size = 0
    st_blksize = 0
    st_blocks = 0
    st_atime = 0x00000000
    st_mtime = 0x00000000
    st_ctime = 0x00000000

bb_opendir(path="/", fi=0x182f1c50)
    bb_fullpath:  rootdir = "/home/ransha/safe/os/ex4/fuse-tutorial/example/rootdir", path = "/", fpath = "/home/ransha/safe/os/ex4/fuse-tutorial/example/rootdir/"
    opendir returned 0x0x7f5a10001130
    fi:
    flags = 0x00018800
    fh_old = 0x00000000
    writepage = 0
    direct_io = 0
    keep_cache = 0
    fh = 0x00007f5a10001130
    lock_owner = 0x0000000000000000

bb_readdir(path="/", buf=0x10000b80, filler=0x18ae2220, offset=0, fi=0x172efc50)
    readdir returned 0x0x7f5a10001160
calling filler with name ..
calling filler with name bogus.txt
calling filler with name .
    fi:
    flags = 0x00000000
    fh_old = 0x7f5a10001130
    writepage = 0
    direct_io = 0
    keep_cache = 0
    fh = 0x00007f5a10001130
    lock_owner = 0x0000000000000000

bb_getattr(path="/bogus.txt", statbuf=0x17af0c20)
    bb_fullpath:  rootdir = "/home/ransha/safe/os/ex4/fuse-tutorial/example/rootdir", path = "/bogus.txt", fpath = "/home/ransha/safe/os/ex4/fuse-tutorial/example/rootdir/bogus.txt"
    lstat returned 0
    si:
    st_dev = 2053
    st_ino = 2625418
    st_mode = 0100644
    st_nlink = 1
    st_uid = 1000
    st_gid = 1000
    st_rdev = 0
    st_size = 11
    st_blksize = 4096
    st_blocks = 8
    st_atime = 0x5746f9db
    st_mtime = 0x5746f8e8
    st_ctime = 0x5746f8e8

bb_releasedir(path="/", fi=0x172efc60)
    fi:
    flags = 0x00000000
    fh_old = 0x7f5a10001130
    writepage = 0
    direct_io = 0
    keep_cache = 0
    fh = 0x00007f5a10001130
    lock_owner = 0x0000000000000000

bb_getattr(path="/", statbuf=0x17af0bf0)
    bb_fullpath:  rootdir = "/home/ransha/safe/os/ex4/fuse-tutorial/example/rootdir", path = "/", fpath = "/home/ransha/safe/os/ex4/fuse-tutorial/example/rootdir/"
    lstat returned 0
    si:
    st_dev = 2053
    st_ino = 2625417
    st_mode = 040755
    st_nlink = 2
    st_uid = 1000
    st_gid = 1000
    st_rdev = 0
    st_size = 4096
    st_blksize = 4096
    st_blocks = 8
    st_atime = 0x5746f95e
    st_mtime = 0x5746f8e8
    st_ctime = 0x5746f8e8

bb_getattr(path="/.git", statbuf=0x182f1c20)
    bb_fullpath:  rootdir = "/home/ransha/safe/os/ex4/fuse-tutorial/example/rootdir", path = "/.git", fpath = "/home/ransha/safe/os/ex4/fuse-tutorial/example/rootdir/.git"
    lstat returned -1
    ERROR lstat: No such file or directory
    si:
    st_dev = 0
    st_ino = 0
    st_mode = 00
    st_nlink = 0
    st_uid = 0
    st_gid = 0
    st_rdev = 0
    st_size = 0
    st_blksize = 0
    st_blocks = 0
    st_atime = 0x00000000
    st_mtime = 0x00000000
    st_ctime = 0x00000000

bb_getattr(path="/.git", statbuf=0x172efc20)
    bb_fullpath:  rootdir = "/home/ransha/safe/os/ex4/fuse-tutorial/example/rootdir", path = "/.git", fpath = "/home/ransha/safe/os/ex4/fuse-tutorial/example/rootdir/.git"
    lstat returned -1
    ERROR lstat: No such file or directory
    si:
    st_dev = 0
    st_ino = 0
    st_mode = 00
    st_nlink = 0
    st_uid = 0
    st_gid = 0
    st_rdev = 0
    st_size = 0
    st_blksize = 0
    st_blocks = 0
    st_atime = 0x00000000
    st_mtime = 0x00000000
    st_ctime = 0x00000000

bb_getattr(path="/objects", statbuf=0x17af0c20)
    bb_fullpath:  rootdir = "/home/ransha/safe/os/ex4/fuse-tutorial/example/rootdir", path = "/objects", fpath = "/home/ransha/safe/os/ex4/fuse-tutorial/example/rootdir/objects"
    lstat returned -1
    ERROR lstat: No such file or directory
    si:
    st_dev = 0
    st_ino = 0
    st_mode = 00
    st_nlink = 0
    st_uid = 0
    st_gid = 0
    st_rdev = 0
    st_size = 0
    st_blksize = 0
    st_blocks = 0
    st_atime = 0x00000000
    st_mtime = 0x00000000
    st_ctime = 0x00000000

bb_opendir(path="/", fi=0x182f1c50)
    bb_fullpath:  rootdir = "/home/ransha/safe/os/ex4/fuse-tutorial/example/rootdir", path = "/", fpath = "/home/ransha/safe/os/ex4/fuse-tutorial/example/rootdir/"
    opendir returned 0x0x7f5a10001130
    fi:
    flags = 0x00018800
    fh_old = 0x00000000
    writepage = 0
    direct_io = 0
    keep_cache = 0
    fh = 0x00007f5a10001130
    lock_owner = 0x0000000000000000

bb_readdir(path="/", buf=0x10000b80, filler=0x18ae2220, offset=0, fi=0x172efc50)
    readdir returned 0x0x7f5a10001160
calling filler with name ..
calling filler with name bogus.txt
calling filler with name .
    fi:
    flags = 0x00000000
    fh_old = 0x7f5a10001130
    writepage = 0
    direct_io = 0
    keep_cache = 0
    fh = 0x00007f5a10001130
    lock_owner = 0x0000000000000000

bb_getattr(path="/bogus.txt", statbuf=0x17af0c20)
    bb_fullpath:  rootdir = "/home/ransha/safe/os/ex4/fuse-tutorial/example/rootdir", path = "/bogus.txt", fpath = "/home/ransha/safe/os/ex4/fuse-tutorial/example/rootdir/bogus.txt"
    lstat returned 0
    si:
    st_dev = 2053
    st_ino = 2625418
    st_mode = 0100644
    st_nlink = 1
    st_uid = 1000
    st_gid = 1000
    st_rdev = 0
    st_size = 11
    st_blksize = 4096
    st_blocks = 8
    st_atime = 0x5746f9db
    st_mtime = 0x5746f8e8
    st_ctime = 0x5746f8e8

bb_releasedir(path="/", fi=0x172efc60)
    fi:
    flags = 0x00000000
    fh_old = 0x7f5a10001130
    writepage = 0
    direct_io = 0
    keep_cache = 0
    fh = 0x00007f5a10001130
    lock_owner = 0x0000000000000000

bb_getattr(path="/", statbuf=0x17af0bf0)
    bb_fullpath:  rootdir = "/home/ransha/safe/os/ex4/fuse-tutorial/example/rootdir", path = "/", fpath = "/home/ransha/safe/os/ex4/fuse-tutorial/example/rootdir/"
    lstat returned 0
    si:
    st_dev = 2053
    st_ino = 2625417
    st_mode = 040755
    st_nlink = 2
    st_uid = 1000
    st_gid = 1000
    st_rdev = 0
    st_size = 4096
    st_blksize = 4096
    st_blocks = 8
    st_atime = 0x5746f95e
    st_mtime = 0x5746f8e8
    st_ctime = 0x5746f8e8

bb_getattr(path="/.git", statbuf=0x182f1c20)
    bb_fullpath:  rootdir = "/home/ransha/safe/os/ex4/fuse-tutorial/example/rootdir", path = "/.git", fpath = "/home/ransha/safe/os/ex4/fuse-tutorial/example/rootdir/.git"
    lstat returned -1
    ERROR lstat: No such file or directory
    si:
    st_dev = 0
    st_ino = 0
    st_mode = 00
    st_nlink = 0
    st_uid = 0
    st_gid = 0
    st_rdev = 0
    st_size = 0
    st_blksize = 0
    st_blocks = 0
    st_atime = 0x00000000
    st_mtime = 0x00000000
    st_ctime = 0x00000000

bb_getattr(path="/.git", statbuf=0x172efc20)
    bb_fullpath:  rootdir = "/home/ransha/safe/os/ex4/fuse-tutorial/example/rootdir", path = "/.git", fpath = "/home/ransha/safe/os/ex4/fuse-tutorial/example/rootdir/.git"
    lstat returned -1
    ERROR lstat: No such file or directory
    si:
    st_dev = 0
    st_ino = 0
    st_mode = 00
    st_nlink = 0
    st_uid = 0
    st_gid = 0
    st_rdev = 0
    st_size = 0
    st_blksize = 0
    st_blocks = 0
    st_atime = 0x00000000
    st_mtime = 0x00000000
    st_ctime = 0x00000000

bb_getattr(path="/objects", statbuf=0x17af0c20)
    bb_fullpath:  rootdir = "/home/ransha/safe/os/ex4/fuse-tutorial/example/rootdir", path = "/objects", fpath = "/home/ransha/safe/os/ex4/fuse-tutorial/example/rootdir/objects"
    lstat returned -1
    ERROR lstat: No such file or directory
    si:
    st_dev = 0
    st_ino = 0
    st_mode = 00
    st_nlink = 0
    st_uid = 0
    st_gid = 0
    st_rdev = 0
    st_size = 0
    st_blksize = 0
    st_blocks = 0
    st_atime = 0x00000000
    st_mtime = 0x00000000
    st_ctime = 0x00000000

bb_opendir(path="/", fi=0x182f1c50)
    bb_fullpath:  rootdir = "/home/ransha/safe/os/ex4/fuse-tutorial/example/rootdir", path = "/", fpath = "/home/ransha/safe/os/ex4/fuse-tutorial/example/rootdir/"
    opendir returned 0x0x7f5a10001130
    fi:
    flags = 0x00018800
    fh_old = 0x00000000
    writepage = 0
    direct_io = 0
    keep_cache = 0
    fh = 0x00007f5a10001130
    lock_owner = 0x0000000000000000

bb_readdir(path="/", buf=0x10000b80, filler=0x18ae2220, offset=0, fi=0x172efc50)
    readdir returned 0x0x7f5a10001160
calling filler with name ..
calling filler with name bogus.txt
calling filler with name .
    fi:
    flags = 0x00000000
    fh_old = 0x7f5a10001130
    writepage = 0
    direct_io = 0
    keep_cache = 0
    fh = 0x00007f5a10001130
    lock_owner = 0x0000000000000000

bb_releasedir(path="/", fi=0x182f1c60)
    fi:
    flags = 0x00000000
    fh_old = 0x7f5a10001130
    writepage = 0
    direct_io = 0
    keep_cache = 0
    fh = 0x00007f5a10001130
    lock_owner = 0x0000000000000000

bb_opendir(path="/", fi=0x172efc50)
    bb_fullpath:  rootdir = "/home/ransha/safe/os/ex4/fuse-tutorial/example/rootdir", path = "/", fpath = "/home/ransha/safe/os/ex4/fuse-tutorial/example/rootdir/"
    opendir returned 0x0x7f5a0c000b20
    fi:
    flags = 0x00018800
    fh_old = 0x00000000
    writepage = 0
    direct_io = 0
    keep_cache = 0
    fh = 0x00007f5a0c000b20
    lock_owner = 0x0000000000000000

bb_readdir(path="/", buf=0x0c000990, filler=0x18ae2220, offset=0, fi=0x17af0c50)
    readdir returned 0x0x7f5a0c000b50
calling filler with name ..
calling filler with name bogus.txt
calling filler with name .
    fi:
    flags = 0x00000000
    fh_old = 0x7f5a0c000b20
    writepage = 0
    direct_io = 0
    keep_cache = 0
    fh = 0x00007f5a0c000b20
    lock_owner = 0x0000000000000000

bb_releasedir(path="/", fi=0x172efc60)
    fi:
    flags = 0x00000000
    fh_old = 0x7f5a0c000b20
    writepage = 0
    direct_io = 0
    keep_cache = 0
    fh = 0x00007f5a0c000b20
    lock_owner = 0x0000000000000000

bb_opendir(path="/", fi=0x17af0c50)
    bb_fullpath:  rootdir = "/home/ransha/safe/os/ex4/fuse-tutorial/example/rootdir", path = "/", fpath = "/home/ransha/safe/os/ex4/fuse-tutorial/example/rootdir/"
    opendir returned 0x0x7f5a08000b20
    fi:
    flags = 0x00018800
    fh_old = 0x00000000
    writepage = 0
    direct_io = 0
    keep_cache = 0
    fh = 0x00007f5a08000b20
    lock_owner = 0x0000000000000000

bb_readdir(path="/", buf=0x08000990, filler=0x18ae2220, offset=0, fi=0x182f1c50)
    readdir returned 0x0x7f5a08000b50
calling filler with name ..
calling filler with name bogus.txt
calling filler with name .
    fi:
    flags = 0x00000000
    fh_old = 0x7f5a08000b20
    writepage = 0
    direct_io = 0
    keep_cache = 0
    fh = 0x00007f5a08000b20
    lock_owner = 0x0000000000000000

bb_releasedir(path="/", fi=0x17af0c60)
    fi:
    flags = 0x00000000
    fh_old = 0x7f5a08000b20
    writepage = 0

bb_getattr(path="/bogus.txt", statbuf=0x182f1c20)
    bb_fullpath:  rootdir = "/home/ransha/safe/os/ex4/fuse-tutorial/example/rootdir", path = "/bogus.txt", fpath = "/home/ransha/safe/os/ex4/fuse-tutorial/example/rootdir/bogus.txt"
    direct_io = 0
    keep_cache = 0
    lstat returned 0
    si:
    st_dev = 2053
    st_ino = 2625418
    st_mode = 0100644
    st_nlink = 1
    st_uid = 1000
    st_gid = 1000
    st_rdev = 0
    st_size = 11
    st_blksize = 4096
    st_blocks = 8
    st_atime = 0x5746f9db
    st_mtime = 0x5746f8e8
    st_ctime = 0x5746f8e8
    fh = 0x00007f5a08000b20
    lock_owner = 0x0000000000000000

bb_opendir(path="/", fi=0x172efc50)
    bb_fullpath:  rootdir = "/home/ransha/safe/os/ex4/fuse-tutorial/example/rootdir", path = "/", fpath = "/home/ransha/safe/os/ex4/fuse-tutorial/example/rootdir/"
    opendir returned 0x0x7f5a0c000b20
    fi:
    flags = 0x00018800
    fh_old = 0x00000000
    writepage = 0
    direct_io = 0
    keep_cache = 0
    fh = 0x00007f5a0c000b20
    lock_owner = 0x0000000000000000

bb_readdir(path="/", buf=0x0c000990, filler=0x18ae2220, offset=0, fi=0x182f1c50)
    readdir returned 0x0x7f5a0c000b50
calling filler with name ..
calling filler with name bogus.txt
calling filler with name .
    fi:
    flags = 0x00000000
    fh_old = 0x7f5a0c000b20
    writepage = 0
    direct_io = 0
    keep_cache = 0
    fh = 0x00007f5a0c000b20
    lock_owner = 0x0000000000000000

bb_releasedir(path="/", fi=0x172efc60)
    fi:
    flags = 0x00000000
    fh_old = 0x7f5a0c000b20
    writepage = 0
    direct_io = 0
    keep_cache = 0
    fh = 0x00007f5a0c000b20
    lock_owner = 0x0000000000000000

bb_getattr(path="/", statbuf=0x182f1bf0)
    bb_fullpath:  rootdir = "/home/ransha/safe/os/ex4/fuse-tutorial/example/rootdir", path = "/", fpath = "/home/ransha/safe/os/ex4/fuse-tutorial/example/rootdir/"
    lstat returned 0
    si:
    st_dev = 2053
    st_ino = 2625417
    st_mode = 040755
    st_nlink = 2
    st_uid = 1000
    st_gid = 1000
    st_rdev = 0
    st_size = 4096
    st_blksize = 4096
    st_blocks = 8
    st_atime = 0x5746f95e
    st_mtime = 0x5746f8e8
    st_ctime = 0x5746f8e8

bb_open(path"/bogus.txt", fi=0x17af0d10)
    bb_fullpath:  rootdir = "/home/ransha/safe/os/ex4/fuse-tutorial/example/rootdir", path = "/bogus.txt", fpath = "/home/ransha/safe/os/ex4/fuse-tutorial/example/rootdir/bogus.txt"
    open returned 5
    fi:
    flags = 0x00008000
    fh_old = 0x00000000
    writepage = 0
    direct_io = 0
    keep_cache = 0
    fh = 0x0000000000000005
    lock_owner = 0x0000000000000000

bb_read(path="/bogus.txt", buf=0x0c000b70, size=4096, offset=0, fi=0x172efd10)
    fi:
    flags = 0x00008000
    fh_old = 0x00000005
    writepage = 0
    direct_io = 0
    keep_cache = 0
    fh = 0x0000000000000005
    lock_owner = 0x0000000000000000
    pread returned 11

bb_fgetattr(path="/bogus.txt", statbuf=0x182f1bf0, fi=0x182f1d10)
    fi:
    flags = 0x00000000
    fh_old = 0x00000005
    writepage = 0
    direct_io = 0
    keep_cache = 0
    fh = 0x0000000000000005
    lock_owner = 0x0000000000000000
    si:
    st_dev = 2053
    st_ino = 2625418
    st_mode = 0100644
    st_nlink = 1
    st_uid = 1000
    st_gid = 1000
    st_rdev = 0
    st_size = 11
    st_blksize = 4096
    st_blocks = 8
    st_atime = 0x5746f9db
    st_mtime = 0x5746f8e8
    st_ctime = 0x5746f8e8

bb_flush(path="/bogus.txt", fi=0x17af0d10)
    fi:
    flags = 0x00000000
    fh_old = 0x00000005
    writepage = 0
    direct_io = 0
    keep_cache = 0
    fh = 0x0000000000000005
    lock_owner = 0xbd2f952effcc1154

bb_release(path="/bogus.txt", fi=0x172efd10)
    fi:
    flags = 0x00008000
    fh_old = 0x00000005
    writepage = 0
    direct_io = 0
    keep_cache = 0
    fh = 0x0000000000000005
    lock_owner = 0x0000000000000000
    close returned 0

bb_getattr(path="/.git", statbuf=0x182f1c20)
    bb_fullpath:  rootdir = "/home/ransha/safe/os/ex4/fuse-tutorial/example/rootdir", path = "/.git", fpath = "/home/ransha/safe/os/ex4/fuse-tutorial/example/rootdir/.git"
    lstat returned -1
    ERROR lstat: No such file or directory
    si:
    st_dev = 0
    st_ino = 0
    st_mode = 00
    st_nlink = 0
    st_uid = 0
    st_gid = 0
    st_rdev = 0
    st_size = 0
    st_blksize = 0
    st_blocks = 0
    st_atime = 0x00000000
    st_mtime = 0x00000000
    st_ctime = 0x00000000

bb_getattr(path="/.git", statbuf=0x17af0c20)
    bb_fullpath:  rootdir = "/home/ransha/safe/os/ex4/fuse-tutorial/example/rootdir", path = "/.git", fpath = "/home/ransha/safe/os/ex4/fuse-tutorial/example/rootdir/.git"
    lstat returned -1
    ERROR lstat: No such file or directory
    si:
    st_dev = 0
    st_ino = 0
    st_mode = 00
    st_nlink = 0
    st_uid = 0
    st_gid = 0
    st_rdev = 0
    st_size = 0
    st_blksize = 0
    st_blocks = 0
    st_atime = 0x00000000
    st_mtime = 0x00000000
    st_ctime = 0x00000000

bb_getattr(path="/objects", statbuf=0x172efc20)
    bb_fullpath:  rootdir = "/home/ransha/safe/os/ex4/fuse-tutorial/example/rootdir", path = "/objects", fpath = "/home/ransha/safe/os/ex4/fuse-tutorial/example/rootdir/objects"
    lstat returned -1
    ERROR lstat: No such file or directory
    si:
    st_dev = 0
    st_ino = 0
    st_mode = 00
    st_nlink = 0
    st_uid = 0
    st_gid = 0
    st_rdev = 0
    st_size = 0
    st_blksize = 0
    st_blocks = 0
    st_atime = 0x00000000
    st_mtime = 0x00000000
    st_ctime = 0x00000000

bb_getattr(path="/", statbuf=0x182f1bf0)
    bb_fullpath:  rootdir = "/home/ransha/safe/os/ex4/fuse-tutorial/example/rootdir", path = "/", fpath = "/home/ransha/safe/os/ex4/fuse-tutorial/example/rootdir/"
    lstat returned 0
    si:
    st_dev = 2053
    st_ino = 2625417
    st_mode = 040755
    st_nlink = 2
    st_uid = 1000
    st_gid = 1000
    st_rdev = 0
    st_size = 4096
    st_blksize = 4096
    st_blocks = 8
    st_atime = 0x5746f95e
    st_mtime = 0x5746f8e8
    st_ctime = 0x5746f8e8

bb_getattr(path="/.git", statbuf=0x17af0c20)
    bb_fullpath:  rootdir = "/home/ransha/safe/os/ex4/fuse-tutorial/example/rootdir", path = "/.git", fpath = "/home/ransha/safe/os/ex4/fuse-tutorial/example/rootdir/.git"
    lstat returned -1
    ERROR lstat: No such file or directory
    si:
    st_dev = 0
    st_ino = 0
    st_mode = 00
    st_nlink = 0
    st_uid = 0
    st_gid = 0
    st_rdev = 0
    st_size = 0
    st_blksize = 0
    st_blocks = 0
    st_atime = 0x00000000
    st_mtime = 0x00000000
    st_ctime = 0x00000000

bb_getattr(path="/.git", statbuf=0x172efc20)
    bb_fullpath:  rootdir = "/home/ransha/safe/os/ex4/fuse-tutorial/example/rootdir", path = "/.git", fpath = "/home/ransha/safe/os/ex4/fuse-tutorial/example/rootdir/.git"
    lstat returned -1
    ERROR lstat: No such file or directory
    si:
    st_dev = 0
    st_ino = 0
    st_mode = 00
    st_nlink = 0
    st_uid = 0
    st_gid = 0
    st_rdev = 0
    st_size = 0
    st_blksize = 0
    st_blocks = 0
    st_atime = 0x00000000
    st_mtime = 0x00000000
    st_ctime = 0x00000000

bb_getattr(path="/objects", statbuf=0x182f1c20)
    bb_fullpath:  rootdir = "/home/ransha/safe/os/ex4/fuse-tutorial/example/rootdir", path = "/objects", fpath = "/home/ransha/safe/os/ex4/fuse-tutorial/example/rootdir/objects"
    lstat returned -1
    ERROR lstat: No such file or directory
    si:
    st_dev = 0
    st_ino = 0
    st_mode = 00
    st_nlink = 0
    st_uid = 0
    st_gid = 0
    st_rdev = 0
    st_size = 0
    st_blksize = 0
    st_blocks = 0
    st_atime = 0x00000000
    st_mtime = 0x00000000
    st_ctime = 0x00000000

bb_opendir(path="/", fi=0x17af0c50)
    bb_fullpath:  rootdir = "/home/ransha/safe/os/ex4/fuse-tutorial/example/rootdir", path = "/", fpath = "/home/ransha/safe/os/ex4/fuse-tutorial/example/rootdir/"
    opendir returned 0x0x7f5a08000b20
    fi:
    flags = 0x00018800
    fh_old = 0x00000000
    writepage = 0
    direct_io = 0
    keep_cache = 0
    fh = 0x00007f5a08000b20
    lock_owner = 0x0000000000000000

bb_readdir(path="/", buf=0x08000990, filler=0x18ae2220, offset=0, fi=0x172efc50)
    readdir returned 0x0x7f5a08000b50
calling filler with name ..
calling filler with name bogus.txt
calling filler with name .
    fi:
    flags = 0x00000000
    fh_old = 0x7f5a08000b20
    writepage = 0
    direct_io = 0
    keep_cache = 0
    fh = 0x00007f5a08000b20
    lock_owner = 0x0000000000000000

bb_getattr(path="/bogus.txt", statbuf=0x182f1c20)
    bb_fullpath:  rootdir = "/home/ransha/safe/os/ex4/fuse-tutorial/example/rootdir", path = "/bogus.txt", fpath = "/home/ransha/safe/os/ex4/fuse-tutorial/example/rootdir/bogus.txt"
    lstat returned 0
    si:
    st_dev = 2053
    st_ino = 2625418
    st_mode = 0100644
    st_nlink = 1
    st_uid = 1000
    st_gid = 1000
    st_rdev = 0
    st_size = 11
    st_blksize = 4096
    st_blocks = 8
    st_atime = 0x5746f9db
    st_mtime = 0x5746f8e8
    st_ctime = 0x5746f8e8

bb_getattr(path="/", statbuf=0x17af0bf0)
    bb_fullpath:  rootdir = "/home/ransha/safe/os/ex4/fuse-tutorial/example/rootdir", path = "/", fpath = "/home/ransha/safe/os/ex4/fuse-tutorial/example/rootdir/"
    lstat returned 0
    si:
    st_dev = 2053
    st_ino = 2625417
    st_mode = 040755
    st_nlink = 2
    st_uid = 1000
    st_gid = 1000
    st_rdev = 0
    st_size = 4096
    st_blksize = 4096
    st_blocks = 8
    st_atime = 0x5746f95e
    st_mtime = 0x5746f8e8
    st_ctime = 0x5746f8e8

bb_releasedir(path="/", fi=0x182f1c60)
    fi:
    flags = 0x00000000
    fh_old = 0x7f5a08000b20
    writepage = 0
    direct_io = 0
    keep_cache = 0
    fh = 0x00007f5a08000b20
    lock_owner = 0x0000000000000000

bb_getattr(path="/", statbuf=0x17af0bf0)
    bb_fullpath:  rootdir = "/home/ransha/safe/os/ex4/fuse-tutorial/example/rootdir", path = "/", fpath = "/home/ransha/safe/os/ex4/fuse-tutorial/example/rootdir/"
    lstat returned 0
    si:
    st_dev = 2053
    st_ino = 2625417
    st_mode = 040755
    st_nlink = 2
    st_uid = 1000
    st_gid = 1000
    st_rdev = 0
    st_size = 4096
    st_blksize = 4096
    st_blocks = 8
    st_atime = 0x5746f95e
    st_mtime = 0x5746f8e8
    st_ctime = 0x5746f8e8

bb_getattr(path="/.git", statbuf=0x172efc20)
    bb_fullpath:  rootdir = "/home/ransha/safe/os/ex4/fuse-tutorial/example/rootdir", path = "/.git", fpath = "/home/ransha/safe/os/ex4/fuse-tutorial/example/rootdir/.git"
    lstat returned -1
    ERROR lstat: No such file or directory
    si:
    st_dev = 0
    st_ino = 0
    st_mode = 00
    st_nlink = 0
    st_uid = 0
    st_gid = 0
    st_rdev = 0
    st_size = 0
    st_blksize = 0
    st_blocks = 0
    st_atime = 0x00000000
    st_mtime = 0x00000000
    st_ctime = 0x00000000

bb_getattr(path="/.git", statbuf=0x182f1c20)
    bb_fullpath:  rootdir = "/home/ransha/safe/os/ex4/fuse-tutorial/example/rootdir", path = "/.git", fpath = "/home/ransha/safe/os/ex4/fuse-tutorial/example/rootdir/.git"
    lstat returned -1
    ERROR lstat: No such file or directory
    si:
    st_dev = 0
    st_ino = 0
    st_mode = 00
    st_nlink = 0
    st_uid = 0
    st_gid = 0
    st_rdev = 0
    st_size = 0
    st_blksize = 0
    st_blocks = 0
    st_atime = 0x00000000
    st_mtime = 0x00000000
    st_ctime = 0x00000000

bb_getattr(path="/objects", statbuf=0x17af0c20)
    bb_fullpath:  rootdir = "/home/ransha/safe/os/ex4/fuse-tutorial/example/rootdir", path = "/objects", fpath = "/home/ransha/safe/os/ex4/fuse-tutorial/example/rootdir/objects"
    lstat returned -1
    ERROR lstat: No such file or directory
    si:
    st_dev = 0
    st_ino = 0
    st_mode = 00
    st_nlink = 0
    st_uid = 0
    st_gid = 0
    st_rdev = 0
    st_size = 0
    st_blksize = 0
    st_blocks = 0
    st_atime = 0x00000000
    st_mtime = 0x00000000
    st_ctime = 0x00000000

bb_getattr(path="/", statbuf=0x172efbf0)
    bb_fullpath:  rootdir = "/home/ransha/safe/os/ex4/fuse-tutorial/example/rootdir", path = "/", fpath = "/home/ransha/safe/os/ex4/fuse-tutorial/example/rootdir/"
    lstat returned 0
    si:
    st_dev = 2053
    st_ino = 2625417
    st_mode = 040755
    st_nlink = 2
    st_uid = 1000
    st_gid = 1000
    st_rdev = 0
    st_size = 4096
    st_blksize = 4096
    st_blocks = 8
    st_atime = 0x5746f95e
    st_mtime = 0x5746f8e8
    st_ctime = 0x5746f8e8

bb_destroy(userdata=0x00864010)
